2026-05-16 05:59:42 [ERROR  ] recognition.template:24 Template not found: E:\vscode\game_bot\templates\char_portrait_0.png
2026-05-16 05:59:42 [ERROR  ] recognition.template:24 Template not found: E:\vscode\game_bot\templates\char_portrait_0.png
2026-05-16 05:59:42 [ERROR  ] recognition.template:24 Template not found: E:\vscode\game_bot\templates\char_portrait_0.png
2026-05-16 05:59:42 [ERROR  ] recognition.template:24 Template not found: E:\vscode\game_bot\templates\char_portrait_0.png
2026-05-16 05:59:42 [ERROR  ] recognition.template:24 Template not found: E:\vscode\game_bot\templates\char_portrait_0.png
2026-05-16 05:59:42 [ERROR  ] recognition.template:24 Template not found: E:\vscode\game_bot\templates\char_portrait_0.png
2026-05-16 05:59:43 [ERROR  ] recognition.template:24 Template not found: E:\vscode\game_bot\templates\char_portrait_0.png
2026-05-16 05:59:43 [ERROR  ] recognition.template:24 Template not found: E:\vscode\game_bot\templates\char_portrait_0.png
2026-05-16 05:59:43 [ERROR  ] recognition.template:24 Template not found: E:\vscode\game_bot\templates\char_portrait_0.png
2026-05-16 05:59:43 [ERROR  ] recognition.template:24 Template not found: E:\vscode\game_bot\templates\char_portrait_0.png
2026-05-16 05:59:43 [ERROR  ] recognition.template:24 Template not found: E:\vscode\game_bot\templates\char_portrait_0.png
2026-05-16 05:59:43 [ERROR  ] recognition.template:24 Template not found: E:\vscode\game_bot\templates\char_portrait_0.png
2026-05-16 05:59:43 [ERROR  ] recognition.template:24 Template not found: E:\vscode\game_bot\templates\char_portrait_0.png
2026-05-16 05:59:43 [ERROR  ] recognition.template:24 Template not found: E:\vscode\game_bot\templates\char_portrait_0.png
2026-05-16 05:59:43 [ERROR  ] recognition.template:24 Template not found: E:\vscode\game_bot\templates\char_portrait_0.png
2026-05-16 05:59:43 [ERROR  ] recognition.template:24 Template not found: E:\vscode\game_bot\templates\char_portrait_0.png
2026-05-16 05:59:43 [ERROR  ] recognition.template:24 Template not found: E:\vscode\game_bot\templates\char_portrait_0.png
2026-05-16 05:59:43 [ERROR  ] recognition.template:24 Template not found: E:\vscode\game_bot\templates\char_portrait_0.png
2026-05-16 05:59:43 [ERROR  ] recognition.template:24 Template not found: E:\vscode\game_bot\templates\char_portrait_0.png
2026-05-16 05:59:43 [ERROR  ] recognition.template:24 Template not found: E:\vscode\game_bot\templates\char_portrait_0.png
2026-05-16 05:59:43 [ERROR  ] recognition.template:24 Template not found: E:\vscode\game_bot\templates\char_portrait_0.png
2026-05-16 05:59:43 [ERROR  ] recognition.template:24 Template not found: E:\vscode\game_bot\templates\char_portrait_0.png
2026-05-16 05:59:43 [ERROR  ] recognition.template:24 Template not found: E:\vscode\game_bot\templates\char_portrait_0.png
2026-05-16 05:59:43 [ERROR  ] recognition.template:24 Template not found: E:\vscode\game_bot\templates\char_portrait_0.png
2026-05-16 05:59:43 [ERROR  ] recognition.template:24 Template not found: E:\vscode\game_bot\templates\char_portrait_0.png
2026-05-16 05:59:43 [ERROR  ] recognition.template:24 Template not found: E:\vscode\game_bot\templates\char_portrait_0.png
2026-05-16 05:59:44 [ERROR  ] recognition.template:24 Template not found: E:\vscode\game_bot\templates\char_portrait_0.png
2026-05-16 05:59:44 [ERROR  ] recognition.template:24 Template not found: E:\vscode\game_bot\templates\char_portrait_0.png
2026-05-16 05:59:44 [ERROR  ] recognition.template:24 Template not found: E:\vscode\game_bot\templates\char_portrait_0.png
2026-05-16 05:59:44 [ERROR  ] recognition.template:24 Template not found: E:\vscode\game_bot\templates\char_portrait_0.png
2026-05-16 05:59:44 [ERROR  ] recognition.template:24 Template not found: E:\vscode\game_bot\templates\char_portrait_0.png
2026-05-16 05:59:44 [ERROR  ] recognition.template:24 Template not found: E:\vscode\game_bot\templates\char_portrait_0.png
2026-05-16 05:59:44 [ERROR  ] recognition.template:24 Template not found: E:\vscode\game_bot\templates\char_portrait_0.png
2026-05-16 05:59:44 [ERROR  ] recognition.template:24 Template not found: E:\vscode\game_bot\templates\char_portrait_0.png
2026-05-16 05:59:44 [ERROR  ] recognition.template:24 Template not found: E:\vscode\game_bot\templates\char_portrait_0.png
2026-05-16 05:59:44 [ERROR  ] recognition.template:24 Template not found: E:\vscode\game_bot\templates\char_portrait_0.png
2026-05-16 05:59:44 [ERROR  ] recognition.template:24 Template not found: E:\vscode\game_bot\templates\char_portrait_0.png
2026-05-16 05:59:44 [ERROR  ] recognition.template:24 Template not found: E:\vscode\game_bot\templates\char_portrait_0.png
2026-05-16 05:59:44 [ERROR  ] recognition.template:24 Template not found: E:\vscode\game_bot\templates\char_portrait_0.png
2026-05-16 05:59:44 [ERROR  ] recognition.template:24 Template not found: E:\vscode\game_bot\templates\char_portrait_0.png
2026-05-16 05:59:44 [ERROR  ] recognition.template:24 Template not found: E:\vscode\game_bot\templates\char_portrait_0.png
2026-05-16 05:59:44 [ERROR  ] recognition.template:24 Template not found: E:\vscode\game_bot\templates\char_portrait_0.png
2026-05-16 05:59:44 [ERROR  ] recognition.template:24 Template not found: E:\vscode\game_bot\templates\char_portrait_0.png
2026-05-16 05:59:44 [ERROR  ] recognition.template:24 Template not found: E:\vscode\game_bot\templates\char_portrait_0.png
2026-05-16 05:59:44 [ERROR  ] recognition.template:24 Template not found: E:\vscode\game_bot\templates\char_portrait_0.png
2026-05-16 05:59:44 [ERROR  ] recognition.template:24 Template not found: E:\vscode\game_bot\templates\char_portrait_0.png
2026-05-16 05:59:45 [ERROR  ] recognition.template:24 Template not found: E:\vscode\game_bot\templates\char_portrait_0.png
2026-05-16 05:59:45 [ERROR  ] recognition.template:24 Template not found: E:\vscode\game_bot\templates\char_portrait_0.png
2026-05-16 05:59:45 [ERROR  ] recognition.template:24 Template not found: E:\vscode\game_bot\templates\char_portrait_0.png
2026-05-16 05:59:45 [ERROR  ] recognition.template:24 Template not found: E:\vscode\game_bot\templates\char_portrait_0.png
2026-05-16 05:59:45 [ERROR  ] recognition.template:24 Template not found: E:\vscode\game_bot\templates\char_portrait_0.png
2026-05-16 05:59:45 [ERROR  ] recognition.template:24 Template not found: E:\vscode\game_bot\templates\char_portrait_0.png
2026-05-16 05:59:45 [ERROR  ] recognition.template:24 Template not found: E:\vscode\game_bot\templates\char_portrait_0.png
2026-05-16 05:59:45 [ERROR  ] recognition.template:24 Template not found: E:\vscode\game_bot\templates\char_portrait_0.png
2026-05-16 05:59:45 [ERROR  ] recognition.template:24 Template not found: E:\vscode\game_bot\templates\char_portrait_0.png
2026-05-16 05:59:45 [ERROR  ] recognition.template:24 Template not found: E:\vscode\game_bot\templates\char_portrait_0.png
2026-05-16 05:59:45 [ERROR  ] recognition.template:24 Template not found: E:\vscode\game_bot\templates\char_portrait_0.png
2026-05-16 05:59:45 [ERROR  ] recognition.template:24 Template not found: E:\vscode\game_bot\templates\char_portrait_0.png
2026-05-16 05:59:45 [ERROR  ] recognition.template:24 Template not found: E:\vscode\game_bot\templates\char_portrait_0.png
2026-05-16 05:59:45 [ERROR  ] recognition.template:24 Template not found: E:\vscode\game_bot\templates\char_portrait_0.png
2026-06-06 21:08:57 [WARNING] dxcam:141 DXCamera instance already exists for device=0 output=0 backend=dxgi; returning existing instance. Delete the old object with `del obj` to recreate it with new parameters.
2026-06-06 21:19:13 [WARNING] dxcam:141 DXCamera instance already exists for device=0 output=0 backend=dxgi; returning existing instance. Delete the old object with `del obj` to recreate it with new parameters.
2026-06-06 21:25:41 [WARNING] dxcam:141 DXCamera instance already exists for device=0 output=0 backend=dxgi; returning existing instance. Delete the old object with `del obj` to recreate it with new parameters.
2026-06-06 21:27:29 [WARNING] dxcam:141 DXCamera instance already exists for device=0 output=0 backend=dxgi; returning existing instance. Delete the old object with `del obj` to recreate it with new parameters.
2026-06-06 21:32:48 [WARNING] dxcam:141 DXCamera instance already exists for device=0 output=0 backend=dxgi; returning existing instance. Delete the old object with `del obj` to recreate it with new parameters.
2026-06-06 21:33:29 [WARNING] states.character_select:100 Enter game template not found after 120 attempts, saving debug frame
2026-06-06 21:33:29 [WARNING] states.character_select:112 Restarting selection flow
2026-06-06 21:34:10 [WARNING] states.character_select:100 Enter game template not found after 120 attempts, saving debug frame
2026-06-06 21:34:10 [WARNING] states.character_select:112 Restarting selection flow
2026-06-06 21:38:18 [WARNING] dxcam:141 DXCamera instance already exists for device=0 output=0 backend=dxgi; returning existing instance. Delete the old object with `del obj` to recreate it with new parameters.
2026-06-06 21:38:49 [WARNING] dxcam:141 DXCamera instance already exists for device=0 output=0 backend=dxgi; returning existing instance. Delete the old object with `del obj` to recreate it with new parameters.
2026-06-06 21:45:48 [WARNING] dxcam:141 DXCamera instance already exists for device=0 output=0 backend=dxgi; returning existing instance. Delete the old object with `del obj` to recreate it with new parameters.
2026-06-06 21:49:20 [WARNING] states.town_nav:79 Avatar not found after 60 attempts, proceeding anyway
2026-06-06 21:49:48 [WARNING] dxcam:141 DXCamera instance already exists for device=0 output=0 backend=dxgi; returning existing instance. Delete the old object with `del obj` to recreate it with new parameters.
2026-06-06 21:50:25 [WARNING] states.town_nav:79 Avatar not found after 60 attempts, proceeding anyway
2026-06-06 21:52:33 [WARNING] dxcam:141 DXCamera instance already exists for device=0 output=0 backend=dxgi; returning existing instance. Delete the old object with `del obj` to recreate it with new parameters.
2026-06-06 21:57:48 [WARNING] dxcam:141 DXCamera instance already exists for device=0 output=0 backend=dxgi; returning existing instance. Delete the old object with `del obj` to recreate it with new parameters.
2026-06-06 22:00:06 [WARNING] dxcam:141 DXCamera instance already exists for device=0 output=0 backend=dxgi; returning existing instance. Delete the old object with `del obj` to recreate it with new parameters.
2026-06-06 22:22:12 [ERROR  ] gui.app:1148 Bot thread crashed: list index out of range
Traceback (most recent call last):
  File "E:\vscode\game_bot\gui\app.py", line 1143, in _run_bot
    fsm.update(blackboard)
    ~~~~~~~~~~^^^^^^^^^^^^
  File "E:\vscode\game_bot\core\fsm.py", line 44, in update
    self._states[self._current].update(blackboard)
    ~~~~~~~~~~~~~~~~~~~~~~~~~~~~~~~~~~^^^^^^^^^^^^
  File "E:\vscode\game_bot\states\character_select.py", line 66, in update
    self._click(cx, cy, blackboard)
    ~~~~~~~~~~~^^^^^^^^^^^^^^^^^^^^
  File "E:\vscode\game_bot\states\character_select.py", line 34, in _click
    self.controller.click_at(x, y, button)
    ~~~~~~~~~~~~~~~~~~~~~~~~^^^^^^^^^^^^^^
  File "E:\vscode\game_bot\input\controller.py", line 115, in click_at
    interception.move_to(tx, ty)
    ~~~~~~~~~~~~~~~~~~~~^^^^^^^^
  File "C:\Python314\Lib\site-packages\interception\inputs.py", line 34, in wrapper
    return func(*args, **kwargs)
  File "C:\Python314\Lib\site-packages\interception\inputs.py", line 78, in move_to
    _g_context.send(_g_context.mouse, stroke)
    ~~~~~~~~~~~~~~~^^^^^^^^^^^^^^^^^^^^^^^^^^
  File "C:\Python314\Lib\site-packages\interception\interception.py", line 115, in send
    return self._devices[device].send(stroke)
           ~~~~~~~~~~~~~^^^^^^^^
IndexError: list index out of range
2026-06-06 22:22:18 [WARNING] dxcam:141 DXCamera instance already exists for device=0 output=0 backend=dxgi; returning existing instance. Delete the old object with `del obj` to recreate it with new parameters.
2026-06-06 22:22:18 [ERROR  ] gui.app:1148 Bot thread crashed: list index out of range
Traceback (most recent call last):
  File "E:\vscode\game_bot\gui\app.py", line 1143, in _run_bot
    fsm.update(blackboard)
    ~~~~~~~~~~^^^^^^^^^^^^
  File "E:\vscode\game_bot\core\fsm.py", line 44, in update
    self._states[self._current].update(blackboard)
    ~~~~~~~~~~~~~~~~~~~~~~~~~~~~~~~~~~^^^^^^^^^^^^
  File "E:\vscode\game_bot\states\character_select.py", line 66, in update
    self._click(cx, cy, blackboard)
    ~~~~~~~~~~~^^^^^^^^^^^^^^^^^^^^
  File "E:\vscode\game_bot\states\character_select.py", line 34, in _click
    self.controller.click_at(x, y, button)
    ~~~~~~~~~~~~~~~~~~~~~~~~^^^^^^^^^^^^^^
  File "E:\vscode\game_bot\input\controller.py", line 115, in click_at
    interception.move_to(tx, ty)
    ~~~~~~~~~~~~~~~~~~~~^^^^^^^^
  File "C:\Python314\Lib\site-packages\interception\inputs.py", line 34, in wrapper
    return func(*args, **kwargs)
  File "C:\Python314\Lib\site-packages\interception\inputs.py", line 78, in move_to
    _g_context.send(_g_context.mouse, stroke)
    ~~~~~~~~~~~~~~~^^^^^^^^^^^^^^^^^^^^^^^^^^
  File "C:\Python314\Lib\site-packages\interception\interception.py", line 115, in send
    return self._devices[device].send(stroke)
           ~~~~~~~~~~~~~^^^^^^^^
IndexError: list index out of range
2026-06-06 22:22:20 [WARNING] dxcam:141 DXCamera instance already exists for device=0 output=0 backend=dxgi; returning existing instance. Delete the old object with `del obj` to recreate it with new parameters.
2026-06-06 22:22:20 [ERROR  ] gui.app:1148 Bot thread crashed: list index out of range
Traceback (most recent call last):
  File "E:\vscode\game_bot\gui\app.py", line 1143, in _run_bot
    fsm.update(blackboard)
    ~~~~~~~~~~^^^^^^^^^^^^
  File "E:\vscode\game_bot\core\fsm.py", line 44, in update
    self._states[self._current].update(blackboard)
    ~~~~~~~~~~~~~~~~~~~~~~~~~~~~~~~~~~^^^^^^^^^^^^
  File "E:\vscode\game_bot\states\character_select.py", line 66, in update
    self._click(cx, cy, blackboard)
    ~~~~~~~~~~~^^^^^^^^^^^^^^^^^^^^
  File "E:\vscode\game_bot\states\character_select.py", line 34, in _click
    self.controller.click_at(x, y, button)
    ~~~~~~~~~~~~~~~~~~~~~~~~^^^^^^^^^^^^^^
  File "E:\vscode\game_bot\input\controller.py", line 115, in click_at
    interception.move_to(tx, ty)
    ~~~~~~~~~~~~~~~~~~~~^^^^^^^^
  File "C:\Python314\Lib\site-packages\interception\inputs.py", line 34, in wrapper
    return func(*args, **kwargs)
  File "C:\Python314\Lib\site-packages\interception\inputs.py", line 78, in move_to
    _g_context.send(_g_context.mouse, stroke)
    ~~~~~~~~~~~~~~~^^^^^^^^^^^^^^^^^^^^^^^^^^
  File "C:\Python314\Lib\site-packages\interception\interception.py", line 115, in send
    return self._devices[device].send(stroke)
           ~~~~~~~~~~~~~^^^^^^^^
IndexError: list index out of range
2026-06-06 22:22:24 [WARNING] dxcam:141 DXCamera instance already exists for device=0 output=0 backend=dxgi; returning existing instance. Delete the old object with `del obj` to recreate it with new parameters.
2026-06-06 22:22:25 [ERROR  ] gui.app:1148 Bot thread crashed: list index out of range
Traceback (most recent call last):
  File "E:\vscode\game_bot\gui\app.py", line 1143, in _run_bot
    fsm.update(blackboard)
    ~~~~~~~~~~^^^^^^^^^^^^
  File "E:\vscode\game_bot\core\fsm.py", line 44, in update
    self._states[self._current].update(blackboard)
    ~~~~~~~~~~~~~~~~~~~~~~~~~~~~~~~~~~^^^^^^^^^^^^
  File "E:\vscode\game_bot\states\character_select.py", line 66, in update
    self._click(cx, cy, blackboard)
    ~~~~~~~~~~~^^^^^^^^^^^^^^^^^^^^
  File "E:\vscode\game_bot\states\character_select.py", line 34, in _click
    self.controller.click_at(x, y, button)
    ~~~~~~~~~~~~~~~~~~~~~~~~^^^^^^^^^^^^^^
  File "E:\vscode\game_bot\input\controller.py", line 115, in click_at
    interception.move_to(tx, ty)
    ~~~~~~~~~~~~~~~~~~~~^^^^^^^^
  File "C:\Python314\Lib\site-packages\interception\inputs.py", line 34, in wrapper
    return func(*args, **kwargs)
  File "C:\Python314\Lib\site-packages\interception\inputs.py", line 78, in move_to
    _g_context.send(_g_context.mouse, stroke)
    ~~~~~~~~~~~~~~~^^^^^^^^^^^^^^^^^^^^^^^^^^
  File "C:\Python314\Lib\site-packages\interception\interception.py", line 115, in send
    return self._devices[device].send(stroke)
           ~~~~~~~~~~~~~^^^^^^^^
IndexError: list index out of range
2026-06-06 22:31:52 [WARNING] dxcam:141 DXCamera instance already exists for device=0 output=0 backend=dxgi; returning existing instance. Delete the old object with `del obj` to recreate it with new parameters.
2026-06-06 22:39:30 [WARNING] dxcam:141 DXCamera instance already exists for device=0 output=0 backend=dxgi; returning existing instance. Delete the old object with `del obj` to recreate it with new parameters.
2026-06-06 22:40:14 [WARNING] dxcam:141 DXCamera instance already exists for device=0 output=0 backend=dxgi; returning existing instance. Delete the old object with `del obj` to recreate it with new parameters.
2026-06-06 22:40:22 [WARNING] dxcam:141 DXCamera instance already exists for device=0 output=0 backend=dxgi; returning existing instance. Delete the old object with `del obj` to recreate it with new parameters.
2026-06-06 22:58:35 [WARNING] dxcam:141 DXCamera instance already exists for device=0 output=0 backend=dxgi; returning existing instance. Delete the old object with `del obj` to recreate it with new parameters.
2026-06-06 22:59:01 [WARNING] dxcam:141 DXCamera instance already exists for device=0 output=0 backend=dxgi; returning existing instance. Delete the old object with `del obj` to recreate it with new parameters.
2026-06-06 22:59:22 [WARNING] dxcam:141 DXCamera instance already exists for device=0 output=0 backend=dxgi; returning existing instance. Delete the old object with `del obj` to recreate it with new parameters.
2026-06-06 22:59:48 [WARNING] dxcam:141 DXCamera instance already exists for device=0 output=0 backend=dxgi; returning existing instance. Delete the old object with `del obj` to recreate it with new parameters.
2026-06-06 23:07:16 [WARNING] dxcam:141 DXCamera instance already exists for device=0 output=0 backend=dxgi; returning existing instance. Delete the old object with `del obj` to recreate it with new parameters.
2026-06-06 23:11:09 [WARNING] dxcam:141 DXCamera instance already exists for device=0 output=0 backend=dxgi; returning existing instance. Delete the old object with `del obj` to recreate it with new parameters.
2026-06-06 23:25:37 [WARNING] gui.app:1118 Window not found for PostMessage clicks
2026-06-06 23:26:03 [WARNING] dxcam:141 DXCamera instance already exists for device=0 output=0 backend=dxgi; returning existing instance. Delete the old object with `del obj` to recreate it with new parameters.
2026-06-06 23:26:06 [WARNING] gui.app:1118 Window not found for PostMessage clicks
2026-06-06 23:33:13 [WARNING] dxcam:141 DXCamera instance already exists for device=0 output=0 backend=dxgi; returning existing instance. Delete the old object with `del obj` to recreate it with new parameters.
2026-06-06 23:33:38 [WARNING] dxcam:141 DXCamera instance already exists for device=0 output=0 backend=dxgi; returning existing instance. Delete the old object with `del obj` to recreate it with new parameters.
2026-06-06 23:35:43 [WARNING] dxcam:141 DXCamera instance already exists for device=0 output=0 backend=dxgi; returning existing instance. Delete the old object with `del obj` to recreate it with new parameters.
2026-06-06 23:36:11 [WARNING] dxcam:141 DXCamera instance already exists for device=0 output=0 backend=dxgi; returning existing instance. Delete the old object with `del obj` to recreate it with new parameters.
2026-06-06 23:42:46 [WARNING] dxcam:141 DXCamera instance already exists for device=0 output=0 backend=dxgi; returning existing instance. Delete the old object with `del obj` to recreate it with new parameters.
2026-06-06 23:43:02 [WARNING] core.watchdog:31 Stuck #1 | SSIM=0.990
2026-06-06 23:43:02 [WARNING] states.stuck_recovery:25 Entering stuck recovery
2026-06-06 23:43:02 [ERROR  ] gui.app:1150 Bot thread crashed: PyDirectInput fail-safe triggered from mouse moving to a corner of the screen. To disable this fail-safe, set pydirectinput.FAILSAFE to False. DISABLING FAIL-SAFE IS NOT RECOMMENDED.
Traceback (most recent call last):
  File "E:\vscode\game_bot\gui\app.py", line 1145, in _run_bot
    fsm.update(blackboard)
    ~~~~~~~~~~^^^^^^^^^^^^
  File "E:\vscode\game_bot\core\fsm.py", line 44, in update
    self._states[self._current].update(blackboard)
    ~~~~~~~~~~~~~~~~~~~~~~~~~~~~~~~~~~^^^^^^^^^^^^
  File "E:\vscode\game_bot\states\stuck_recovery.py", line 39, in update
    self.controller.release_all()
    ~~~~~~~~~~~~~~~~~~~~~~~~~~~^^
  File "E:\vscode\game_bot\input\controller.py", line 49, in release_all
    pydirectinput.mouseUp(button="left")
    ~~~~~~~~~~~~~~~~~~~~~^^^^^^^^^^^^^^^
  File "C:\Python314\Lib\site-packages\pydirectinput\__init__.py", line 241, in wrapper
    failSafeCheck()
    ~~~~~~~~~~~~~^^
  File "C:\Python314\Lib\site-packages\pydirectinput\__init__.py", line 223, in failSafeCheck
    raise FailSafeException(
    ...<2 lines>...
    )
pydirectinput.FailSafeException: PyDirectInput fail-safe triggered from mouse moving to a corner of the screen. To disable this fail-safe, set pydirectinput.FAILSAFE to False. DISABLING FAIL-SAFE IS NOT RECOMMENDED.
2026-06-06 23:46:18 [WARNING] core.watchdog:31 Stuck #1 | SSIM=0.970
2026-06-06 23:46:18 [WARNING] states.stuck_recovery:25 Entering stuck recovery
2026-06-06 23:46:44 [WARNING] dxcam:141 DXCamera instance already exists for device=0 output=0 backend=dxgi; returning existing instance. Delete the old object with `del obj` to recreate it with new parameters.
2026-06-06 23:51:40 [WARNING] dxcam:141 DXCamera instance already exists for device=0 output=0 backend=dxgi; returning existing instance. Delete the old object with `del obj` to recreate it with new parameters.
2026-06-06 23:54:34 [WARNING] dxcam:141 DXCamera instance already exists for device=0 output=0 backend=dxgi; returning existing instance. Delete the old object with `del obj` to recreate it with new parameters.
2026-06-06 23:56:27 [ERROR  ] gui.app:1183 Bot thread crashed: 'int' object has no attribute 'getHandle'
Traceback (most recent call last):
  File "E:\vscode\game_bot\gui\app.py", line 1133, in _run_bot
    best_hwnd = _w.getHandle()
                ^^^^^^^^^^^^
AttributeError: 'int' object has no attribute 'getHandle'
2026-06-06 23:56:31 [WARNING] dxcam:141 DXCamera instance already exists for device=0 output=0 backend=dxgi; returning existing instance. Delete the old object with `del obj` to recreate it with new parameters.
2026-06-06 23:56:31 [ERROR  ] gui.app:1183 Bot thread crashed: 'int' object has no attribute 'getHandle'
Traceback (most recent call last):
  File "E:\vscode\game_bot\gui\app.py", line 1133, in _run_bot
    best_hwnd = _w.getHandle()
                ^^^^^^^^^^^^
AttributeError: 'int' object has no attribute 'getHandle'
2026-06-07 00:00:07 [WARNING] dxcam:141 DXCamera instance already exists for device=0 output=0 backend=dxgi; returning existing instance. Delete the old object with `del obj` to recreate it with new parameters.
2026-06-07 00:03:22 [WARNING] dxcam:141 DXCamera instance already exists for device=0 output=0 backend=dxgi; returning existing instance. Delete the old object with `del obj` to recreate it with new parameters.
2026-06-07 16:13:19 [WARNING] core.watchdog:31 Stuck #1 | SSIM=0.982
2026-06-07 16:13:19 [WARNING] states.stuck_recovery:25 Entering stuck recovery
2026-06-07 16:22:30 [WARNING] core.watchdog:31 Stuck #1 | SSIM=0.974
2026-06-07 16:22:31 [WARNING] states.stuck_recovery:25 Entering stuck recovery
2026-06-07 16:28:12 [WARNING] core.watchdog:31 Stuck #1 | SSIM=0.988
2026-06-07 16:28:12 [WARNING] states.stuck_recovery:25 Entering stuck recovery
2026-06-07 16:29:06 [WARNING] dxcam:141 DXCamera instance already exists for device=0 output=0 backend=dxgi; returning existing instance. Delete the old object with `del obj` to recreate it with new parameters.
2026-06-07 16:29:42 [WARNING] core.watchdog:31 Stuck #1 | SSIM=0.976
2026-06-07 16:29:42 [WARNING] states.stuck_recovery:25 Entering stuck recovery
2026-06-07 16:39:27 [ERROR  ] recognition.template:26 Template not found: E:\vscode\game_bot\templates\QQ20260516-202749.png
2026-06-07 16:39:27 [ERROR  ] recognition.template:26 Template not found: E:\vscode\game_bot\templates\QQ20260516-202749.png
2026-06-07 16:39:28 [ERROR  ] recognition.template:26 Template not found: E:\vscode\game_bot\templates\QQ20260516-202749.png
2026-06-07 16:39:29 [ERROR  ] recognition.template:26 Template not found: E:\vscode\game_bot\templates\QQ20260516-202749.png
2026-06-07 16:39:30 [ERROR  ] recognition.template:26 Template not found: E:\vscode\game_bot\templates\QQ20260516-202749.png
2026-06-07 16:39:31 [ERROR  ] recognition.template:26 Template not found: E:\vscode\game_bot\templates\QQ20260516-202749.png
2026-06-07 16:39:31 [ERROR  ] recognition.template:26 Template not found: E:\vscode\game_bot\templates\QQ20260516-202749.png
2026-06-07 16:39:32 [ERROR  ] recognition.template:26 Template not found: E:\vscode\game_bot\templates\QQ20260516-202749.png
2026-06-07 16:39:33 [ERROR  ] recognition.template:26 Template not found: E:\vscode\game_bot\templates\QQ20260516-202749.png
2026-06-07 16:39:34 [ERROR  ] recognition.template:26 Template not found: E:\vscode\game_bot\templates\QQ20260516-202749.png
2026-06-07 16:39:35 [ERROR  ] recognition.template:26 Template not found: E:\vscode\game_bot\templates\QQ20260516-202749.png
2026-06-07 16:39:35 [ERROR  ] recognition.template:26 Template not found: E:\vscode\game_bot\templates\QQ20260516-202749.png
2026-06-07 16:39:36 [ERROR  ] recognition.template:26 Template not found: E:\vscode\game_bot\templates\QQ20260516-202749.png
2026-06-07 16:39:37 [ERROR  ] recognition.template:26 Template not found: E:\vscode\game_bot\templates\QQ20260516-202749.png
2026-06-07 16:39:38 [ERROR  ] recognition.template:26 Template not found: E:\vscode\game_bot\templates\QQ20260516-202749.png
2026-06-07 16:39:39 [ERROR  ] recognition.template:26 Template not found: E:\vscode\game_bot\templates\QQ20260516-202749.png
2026-06-07 16:39:40 [ERROR  ] recognition.template:26 Template not found: E:\vscode\game_bot\templates\QQ20260516-202749.png
2026-06-07 16:39:40 [ERROR  ] recognition.template:26 Template not found: E:\vscode\game_bot\templates\QQ20260516-202749.png
2026-06-07 16:39:41 [ERROR  ] recognition.template:26 Template not found: E:\vscode\game_bot\templates\QQ20260516-202749.png
2026-06-07 16:39:57 [WARNING] dxcam:141 DXCamera instance already exists for device=0 output=0 backend=dxgi; returning existing instance. Delete the old object with `del obj` to recreate it with new parameters.
2026-06-07 16:40:33 [WARNING] core.watchdog:31 Stuck #1 | SSIM=0.968
2026-06-07 16:40:33 [WARNING] states.stuck_recovery:25 Entering stuck recovery
2026-06-07 16:50:44 [WARNING] core.watchdog:31 Stuck #1 | SSIM=0.975
2026-06-07 16:50:44 [WARNING] states.stuck_recovery:25 Entering stuck recovery
2026-06-07 17:41:28 [WARNING] dxcam:141 DXCamera instance already exists for device=0 output=0 backend=dxgi; returning existing instance. Delete the old object with `del obj` to recreate it with new parameters.
2026-06-07 17:41:55 [ERROR  ] gui.app:1437 Bot thread crashed: "State 'npc_navigate' not found. Available: ['character_select', 'town_nav', 'domain_loading', 'domain_combat', 'result_screen', 'exit_nav', 'exit_menu', 'map_loading', 'town_exit', 'complete', 'stuck_recovery']"
Traceback (most recent call last):
  File "E:\vscode\game_bot\gui\app.py", line 1432, in _run_bot
    fsm.update(blackboard)
    ~~~~~~~~~~^^^^^^^^^^^^
  File "E:\vscode\game_bot\core\fsm.py", line 44, in update
    self._states[self._current].update(blackboard)
    ~~~~~~~~~~~~~~~~~~~~~~~~~~~~~~~~~~^^^^^^^^^^^^
  File "E:\vscode\game_bot\states\town_nav.py", line 160, in update
    self._try_transition(blackboard)
    ~~~~~~~~~~~~~~~~~~~~^^^^^^^^^^^^
  File "E:\vscode\game_bot\states\town_nav.py", line 92, in _try_transition
    blackboard["_fsm"].transition("npc_navigate", blackboard)
    ~~~~~~~~~~~~~~~~~~~~~~~~~~~~~^^^^^^^^^^^^^^^^^^^^^^^^^^^^
  File "E:\vscode\game_bot\core\fsm.py", line 31, in transition
    raise KeyError(f"State '{name}' not found. Available: {list(self._states.keys())}")
KeyError: "State 'npc_navigate' not found. Available: ['character_select', 'town_nav', 'domain_loading', 'domain_combat', 'result_screen', 'exit_nav', 'exit_menu', 'map_loading', 'town_exit', 'complete', 'stuck_recovery']"
2026-06-07 17:42:24 [WARNING] dxcam:141 DXCamera instance already exists for device=0 output=0 backend=dxgi; returning existing instance. Delete the old object with `del obj` to recreate it with new parameters.
2026-06-07 17:47:16 [WARNING] dxcam:141 DXCamera instance already exists for device=0 output=0 backend=dxgi; returning existing instance. Delete the old object with `del obj` to recreate it with new parameters.
2026-06-07 17:51:52 [WARNING] dxcam:141 DXCamera instance already exists for device=0 output=0 backend=dxgi; returning existing instance. Delete the old object with `del obj` to recreate it with new parameters.
2026-06-07 18:00:10 [ERROR  ] gui.app:1437 Bot thread crashed: "State 'npc_navigate' not found. Available: ['character_select', 'town_nav', 'domain_loading', 'domain_combat', 'result_screen', 'exit_nav', 'exit_menu', 'map_loading', 'town_exit', 'complete', 'stuck_recovery']"
Traceback (most recent call last):
  File "E:\vscode\game_bot\gui\app.py", line 1432, in _run_bot
    fsm.update(blackboard)
    ~~~~~~~~~~^^^^^^^^^^^^
  File "E:\vscode\game_bot\core\fsm.py", line 44, in update
    self._states[self._current].update(blackboard)
    ~~~~~~~~~~~~~~~~~~~~~~~~~~~~~~~~~~^^^^^^^^^^^^
  File "E:\vscode\game_bot\states\town_nav.py", line 154, in update
    self._try_transition(blackboard)
    ~~~~~~~~~~~~~~~~~~~~^^^^^^^^^^^^
  File "E:\vscode\game_bot\states\town_nav.py", line 80, in _try_transition
    blackboard["_fsm"].transition("npc_navigate", blackboard)
    ~~~~~~~~~~~~~~~~~~~~~~~~~~~~~^^^^^^^^^^^^^^^^^^^^^^^^^^^^
  File "E:\vscode\game_bot\core\fsm.py", line 31, in transition
    raise KeyError(f"State '{name}' not found. Available: {list(self._states.keys())}")
KeyError: "State 'npc_navigate' not found. Available: ['character_select', 'town_nav', 'domain_loading', 'domain_combat', 'result_screen', 'exit_nav', 'exit_menu', 'map_loading', 'town_exit', 'complete', 'stuck_recovery']"
2026-06-07 18:04:07 [ERROR  ] gui.app:1437 Bot thread crashed: "State 'npc_navigate' not found. Available: ['character_select', 'town_nav', 'domain_loading', 'domain_combat', 'result_screen', 'exit_nav', 'exit_menu', 'map_loading', 'town_exit', 'complete', 'stuck_recovery']"
Traceback (most recent call last):
  File "E:\vscode\game_bot\gui\app.py", line 1432, in _run_bot
    fsm.update(blackboard)
    ~~~~~~~~~~^^^^^^^^^^^^
  File "E:\vscode\game_bot\core\fsm.py", line 44, in update
    self._states[self._current].update(blackboard)
    ~~~~~~~~~~~~~~~~~~~~~~~~~~~~~~~~~~^^^^^^^^^^^^
  File "E:\vscode\game_bot\states\town_nav.py", line 154, in update
    self._try_transition(blackboard)
    ~~~~~~~~~~~~~~~~~~~~^^^^^^^^^^^^
  File "E:\vscode\game_bot\states\town_nav.py", line 80, in _try_transition
    blackboard["_fsm"].transition("npc_navigate", blackboard)
    ~~~~~~~~~~~~~~~~~~~~~~~~~~~~~^^^^^^^^^^^^^^^^^^^^^^^^^^^^
  File "E:\vscode\game_bot\core\fsm.py", line 31, in transition
    raise KeyError(f"State '{name}' not found. Available: {list(self._states.keys())}")
KeyError: "State 'npc_navigate' not found. Available: ['character_select', 'town_nav', 'domain_loading', 'domain_combat', 'result_screen', 'exit_nav', 'exit_menu', 'map_loading', 'town_exit', 'complete', 'stuck_recovery']"
2026-06-07 18:06:20 [ERROR  ] states.npc_navigate:87 NPCNavigate crash:
Traceback (most recent call last):
  File "E:\vscode\game_bot\states\npc_navigate.py", line 85, in update
    self._do_update(blackboard)
    ~~~~~~~~~~~~~~~^^^^^^^^^^^^
  File "E:\vscode\game_bot\states\npc_navigate.py", line 112, in _do_update
    enter = self._find(self._enter_tpl, frame, threshold=0.50)
  File "E:\vscode\game_bot\states\npc_navigate.py", line 74, in _find
    if not tpl or not frame:
                      ^^^^^
ValueError: The truth value of an array with more than one element is ambiguous. Use a.any() or a.all()

2026-06-07 18:30:27 [WARNING] dxcam:141 DXCamera instance already exists for device=0 output=0 backend=dxgi; returning existing instance. Delete the old object with `del obj` to recreate it with new parameters.
2026-06-07 18:31:22 [WARNING] dxcam:141 DXCamera instance already exists for device=0 output=0 backend=dxgi; returning existing instance. Delete the old object with `del obj` to recreate it with new parameters.
2026-06-07 18:37:29 [WARNING] dxcam:141 DXCamera instance already exists for device=0 output=0 backend=dxgi; returning existing instance. Delete the old object with `del obj` to recreate it with new parameters.
2026-06-07 18:39:34 [WARNING] dxcam:141 DXCamera instance already exists for device=0 output=0 backend=dxgi; returning existing instance. Delete the old object with `del obj` to recreate it with new parameters.
2026-06-07 18:50:40 [WARNING] dxcam:141 DXCamera instance already exists for device=0 output=0 backend=dxgi; returning existing instance. Delete the old object with `del obj` to recreate it with new parameters.
2026-06-07 18:53:11 [WARNING] dxcam:141 DXCamera instance already exists for device=0 output=0 backend=dxgi; returning existing instance. Delete the old object with `del obj` to recreate it with new parameters.
2026-06-07 18:56:37 [WARNING] dxcam:141 DXCamera instance already exists for device=0 output=0 backend=dxgi; returning existing instance. Delete the old object with `del obj` to recreate it with new parameters.
2026-06-07 18:58:08 [WARNING] dxcam:141 DXCamera instance already exists for device=0 output=0 backend=dxgi; returning existing instance. Delete the old object with `del obj` to recreate it with new parameters.
2026-06-07 19:08:19 [WARNING] dxcam:141 DXCamera instance already exists for device=0 output=0 backend=dxgi; returning existing instance. Delete the old object with `del obj` to recreate it with new parameters.
2026-06-07 19:18:23 [ERROR  ] recognition.template:26 Template not found: E:\vscode\game_bot\templates\result_clear.png
2026-06-07 19:18:23 [ERROR  ] recognition.template:26 Template not found: E:\vscode\game_bot\templates\result_clear.png
2026-06-07 19:18:24 [ERROR  ] recognition.template:26 Template not found: E:\vscode\game_bot\templates\result_clear.png
2026-06-07 19:18:25 [ERROR  ] recognition.template:26 Template not found: E:\vscode\game_bot\templates\result_clear.png
2026-06-07 19:18:25 [ERROR  ] recognition.template:26 Template not found: E:\vscode\game_bot\templates\result_clear.png
2026-06-07 19:18:26 [ERROR  ] recognition.template:26 Template not found: E:\vscode\game_bot\templates\result_clear.png
2026-06-07 19:18:26 [ERROR  ] recognition.template:26 Template not found: E:\vscode\game_bot\templates\result_clear.png
2026-06-07 19:18:27 [ERROR  ] recognition.template:26 Template not found: E:\vscode\game_bot\templates\result_clear.png
2026-06-07 19:18:27 [ERROR  ] recognition.template:26 Template not found: E:\vscode\game_bot\templates\result_clear.png
2026-06-07 19:18:28 [ERROR  ] recognition.template:26 Template not found: E:\vscode\game_bot\templates\result_clear.png
2026-06-07 19:18:28 [ERROR  ] recognition.template:26 Template not found: E:\vscode\game_bot\templates\result_clear.png
2026-06-07 19:18:29 [ERROR  ] recognition.template:26 Template not found: E:\vscode\game_bot\templates\result_clear.png
2026-06-07 19:18:30 [ERROR  ] recognition.template:26 Template not found: E:\vscode\game_bot\templates\result_clear.png
2026-06-07 19:18:30 [ERROR  ] recognition.template:26 Template not found: E:\vscode\game_bot\templates\result_clear.png
2026-06-07 19:18:31 [ERROR  ] recognition.template:26 Template not found: E:\vscode\game_bot\templates\result_clear.png
2026-06-07 19:18:31 [ERROR  ] recognition.template:26 Template not found: E:\vscode\game_bot\templates\result_clear.png
2026-06-07 19:18:32 [ERROR  ] recognition.template:26 Template not found: E:\vscode\game_bot\templates\result_clear.png
2026-06-07 19:25:35 [WARNING] dxcam:141 DXCamera instance already exists for device=0 output=0 backend=dxgi; returning existing instance. Delete the old object with `del obj` to recreate it with new parameters.
2026-06-07 19:27:07 [WARNING] dxcam:141 DXCamera instance already exists for device=0 output=0 backend=dxgi; returning existing instance. Delete the old object with `del obj` to recreate it with new parameters.
2026-06-07 19:29:22 [WARNING] dxcam:141 DXCamera instance already exists for device=0 output=0 backend=dxgi; returning existing instance. Delete the old object with `del obj` to recreate it with new parameters.
2026-06-07 19:39:52 [WARNING] dxcam:141 DXCamera instance already exists for device=0 output=0 backend=dxgi; returning existing instance. Delete the old object with `del obj` to recreate it with new parameters.
2026-06-07 19:48:06 [WARNING] dxcam:141 DXCamera instance already exists for device=0 output=0 backend=dxgi; returning existing instance. Delete the old object with `del obj` to recreate it with new parameters.
2026-06-07 19:49:30 [WARNING] dxcam:141 DXCamera instance already exists for device=0 output=0 backend=dxgi; returning existing instance. Delete the old object with `del obj` to recreate it with new parameters.
2026-06-07 19:56:11 [WARNING] dxcam:141 DXCamera instance already exists for device=0 output=0 backend=dxgi; returning existing instance. Delete the old object with `del obj` to recreate it with new parameters.
2026-06-07 20:02:45 [WARNING] dxcam:141 DXCamera instance already exists for device=0 output=0 backend=dxgi; returning existing instance. Delete the old object with `del obj` to recreate it with new parameters.
2026-06-07 20:03:49 [ERROR  ] recognition.template:26 Template not found: E:\vscode\game_bot\templates\result_clear.png
2026-06-07 20:03:49 [ERROR  ] recognition.template:26 Template not found: E:\vscode\game_bot\templates\result_clear.png
2026-06-07 20:03:50 [ERROR  ] recognition.template:26 Template not found: E:\vscode\game_bot\templates\result_clear.png
2026-06-07 20:03:50 [ERROR  ] recognition.template:26 Template not found: E:\vscode\game_bot\templates\result_clear.png
2026-06-07 20:03:51 [ERROR  ] recognition.template:26 Template not found: E:\vscode\game_bot\templates\result_clear.png
2026-06-07 20:03:51 [ERROR  ] recognition.template:26 Template not found: E:\vscode\game_bot\templates\result_clear.png
2026-06-07 20:03:52 [ERROR  ] recognition.template:26 Template not found: E:\vscode\game_bot\templates\result_clear.png
2026-06-07 20:03:53 [ERROR  ] recognition.template:26 Template not found: E:\vscode\game_bot\templates\result_clear.png
2026-06-07 20:03:53 [ERROR  ] recognition.template:26 Template not found: E:\vscode\game_bot\templates\result_clear.png
2026-06-07 20:03:54 [ERROR  ] recognition.template:26 Template not found: E:\vscode\game_bot\templates\result_clear.png
2026-06-07 20:03:54 [ERROR  ] recognition.template:26 Template not found: E:\vscode\game_bot\templates\result_clear.png
2026-06-07 20:03:55 [ERROR  ] recognition.template:26 Template not found: E:\vscode\game_bot\templates\result_clear.png
2026-06-07 20:03:55 [ERROR  ] recognition.template:26 Template not found: E:\vscode\game_bot\templates\result_clear.png
2026-06-07 20:03:56 [ERROR  ] recognition.template:26 Template not found: E:\vscode\game_bot\templates\result_clear.png
2026-06-07 20:03:56 [ERROR  ] recognition.template:26 Template not found: E:\vscode\game_bot\templates\result_clear.png
2026-06-07 20:03:57 [ERROR  ] recognition.template:26 Template not found: E:\vscode\game_bot\templates\result_clear.png
2026-06-07 20:03:57 [ERROR  ] recognition.template:26 Template not found: E:\vscode\game_bot\templates\result_clear.png
2026-06-07 20:03:58 [ERROR  ] recognition.template:26 Template not found: E:\vscode\game_bot\templates\result_clear.png
2026-06-07 20:03:59 [ERROR  ] recognition.template:26 Template not found: E:\vscode\game_bot\templates\result_clear.png
2026-06-07 20:03:59 [ERROR  ] recognition.template:26 Template not found: E:\vscode\game_bot\templates\result_clear.png
2026-06-07 20:04:00 [ERROR  ] recognition.template:26 Template not found: E:\vscode\game_bot\templates\result_clear.png
2026-06-07 20:04:00 [ERROR  ] recognition.template:26 Template not found: E:\vscode\game_bot\templates\result_clear.png
2026-06-07 20:04:01 [ERROR  ] recognition.template:26 Template not found: E:\vscode\game_bot\templates\result_clear.png
2026-06-07 20:04:01 [ERROR  ] recognition.template:26 Template not found: E:\vscode\game_bot\templates\result_clear.png
2026-06-07 20:04:02 [ERROR  ] recognition.template:26 Template not found: E:\vscode\game_bot\templates\result_clear.png
2026-06-07 20:11:33 [ERROR  ] recognition.template:26 Template not found: E:\vscode\game_bot\templates\result_clear.png
2026-06-07 20:11:34 [ERROR  ] recognition.template:26 Template not found: E:\vscode\game_bot\templates\result_clear.png
2026-06-07 20:11:34 [ERROR  ] recognition.template:26 Template not found: E:\vscode\game_bot\templates\result_clear.png
2026-06-07 20:11:35 [ERROR  ] recognition.template:26 Template not found: E:\vscode\game_bot\templates\result_clear.png
2026-06-07 20:11:35 [ERROR  ] recognition.template:26 Template not found: E:\vscode\game_bot\templates\result_clear.png
2026-06-07 20:11:36 [ERROR  ] recognition.template:26 Template not found: E:\vscode\game_bot\templates\result_clear.png
2026-06-07 20:11:37 [ERROR  ] recognition.template:26 Template not found: E:\vscode\game_bot\templates\result_clear.png
2026-06-07 20:11:37 [ERROR  ] recognition.template:26 Template not found: E:\vscode\game_bot\templates\result_clear.png
2026-06-07 20:11:38 [ERROR  ] recognition.template:26 Template not found: E:\vscode\game_bot\templates\result_clear.png
2026-06-07 20:11:38 [ERROR  ] recognition.template:26 Template not found: E:\vscode\game_bot\templates\result_clear.png
2026-06-07 20:11:39 [ERROR  ] recognition.template:26 Template not found: E:\vscode\game_bot\templates\result_clear.png
2026-06-07 20:11:39 [ERROR  ] recognition.template:26 Template not found: E:\vscode\game_bot\templates\result_clear.png
2026-06-07 20:11:40 [ERROR  ] recognition.template:26 Template not found: E:\vscode\game_bot\templates\result_clear.png
2026-06-07 20:11:40 [ERROR  ] recognition.template:26 Template not found: E:\vscode\game_bot\templates\result_clear.png
2026-06-07 20:11:41 [ERROR  ] recognition.template:26 Template not found: E:\vscode\game_bot\templates\result_clear.png
2026-06-07 20:11:42 [ERROR  ] recognition.template:26 Template not found: E:\vscode\game_bot\templates\result_clear.png
2026-06-07 20:11:42 [ERROR  ] recognition.template:26 Template not found: E:\vscode\game_bot\templates\result_clear.png
2026-06-07 20:11:43 [ERROR  ] recognition.template:26 Template not found: E:\vscode\game_bot\templates\result_clear.png
2026-06-07 20:11:43 [ERROR  ] recognition.template:26 Template not found: E:\vscode\game_bot\templates\result_clear.png
2026-06-07 20:20:46 [ERROR  ] recognition.template:26 Template not found: E:\vscode\game_bot\templates\result_clear.png
2026-06-07 20:20:47 [ERROR  ] recognition.template:26 Template not found: E:\vscode\game_bot\templates\result_clear.png
2026-06-07 20:20:47 [ERROR  ] recognition.template:26 Template not found: E:\vscode\game_bot\templates\result_clear.png
2026-06-07 20:20:48 [ERROR  ] recognition.template:26 Template not found: E:\vscode\game_bot\templates\result_clear.png
2026-06-07 20:20:48 [ERROR  ] recognition.template:26 Template not found: E:\vscode\game_bot\templates\result_clear.png
2026-06-07 20:20:49 [ERROR  ] recognition.template:26 Template not found: E:\vscode\game_bot\templates\result_clear.png
2026-06-07 20:20:49 [ERROR  ] recognition.template:26 Template not found: E:\vscode\game_bot\templates\result_clear.png
2026-06-07 20:20:50 [ERROR  ] recognition.template:26 Template not found: E:\vscode\game_bot\templates\result_clear.png
2026-06-07 20:20:50 [ERROR  ] recognition.template:26 Template not found: E:\vscode\game_bot\templates\result_clear.png
2026-06-07 20:20:51 [ERROR  ] recognition.template:26 Template not found: E:\vscode\game_bot\templates\result_clear.png
2026-06-07 20:20:52 [ERROR  ] recognition.template:26 Template not found: E:\vscode\game_bot\templates\result_clear.png
2026-06-07 20:20:52 [ERROR  ] recognition.template:26 Template not found: E:\vscode\game_bot\templates\result_clear.png
2026-06-07 20:20:53 [ERROR  ] recognition.template:26 Template not found: E:\vscode\game_bot\templates\result_clear.png
2026-06-07 20:20:53 [ERROR  ] recognition.template:26 Template not found: E:\vscode\game_bot\templates\result_clear.png
2026-06-07 20:20:54 [ERROR  ] recognition.template:26 Template not found: E:\vscode\game_bot\templates\result_clear.png
2026-06-07 20:20:54 [ERROR  ] recognition.template:26 Template not found: E:\vscode\game_bot\templates\result_clear.png
2026-06-07 20:20:55 [ERROR  ] recognition.template:26 Template not found: E:\vscode\game_bot\templates\result_clear.png
2026-06-07 20:20:55 [ERROR  ] recognition.template:26 Template not found: E:\vscode\game_bot\templates\result_clear.png
2026-06-07 20:20:56 [ERROR  ] recognition.template:26 Template not found: E:\vscode\game_bot\templates\result_clear.png
2026-06-07 20:20:57 [ERROR  ] recognition.template:26 Template not found: E:\vscode\game_bot\templates\result_clear.png
2026-06-07 20:20:57 [ERROR  ] recognition.template:26 Template not found: E:\vscode\game_bot\templates\result_clear.png
2026-06-07 20:20:58 [ERROR  ] recognition.template:26 Template not found: E:\vscode\game_bot\templates\result_clear.png
2026-06-07 20:20:58 [ERROR  ] recognition.template:26 Template not found: E:\vscode\game_bot\templates\result_clear.png
2026-06-07 20:20:59 [ERROR  ] recognition.template:26 Template not found: E:\vscode\game_bot\templates\result_clear.png
2026-06-07 20:20:59 [ERROR  ] recognition.template:26 Template not found: E:\vscode\game_bot\templates\result_clear.png
2026-06-07 20:21:00 [ERROR  ] recognition.template:26 Template not found: E:\vscode\game_bot\templates\result_clear.png
2026-06-07 20:21:00 [ERROR  ] recognition.template:26 Template not found: E:\vscode\game_bot\templates\result_clear.png
2026-06-07 20:21:01 [ERROR  ] recognition.template:26 Template not found: E:\vscode\game_bot\templates\result_clear.png
2026-06-07 20:21:02 [ERROR  ] recognition.template:26 Template not found: E:\vscode\game_bot\templates\result_clear.png
2026-06-07 20:21:02 [ERROR  ] recognition.template:26 Template not found: E:\vscode\game_bot\templates\result_clear.png
2026-06-07 20:21:03 [ERROR  ] recognition.template:26 Template not found: E:\vscode\game_bot\templates\result_clear.png
2026-06-07 20:21:03 [ERROR  ] recognition.template:26 Template not found: E:\vscode\game_bot\templates\result_clear.png
2026-06-07 20:21:04 [ERROR  ] recognition.template:26 Template not found: E:\vscode\game_bot\templates\result_clear.png
2026-06-07 20:21:04 [ERROR  ] recognition.template:26 Template not found: E:\vscode\game_bot\templates\result_clear.png
2026-06-07 20:21:05 [ERROR  ] recognition.template:26 Template not found: E:\vscode\game_bot\templates\result_clear.png
2026-06-07 20:21:05 [ERROR  ] recognition.template:26 Template not found: E:\vscode\game_bot\templates\result_clear.png
2026-06-07 20:21:06 [ERROR  ] recognition.template:26 Template not found: E:\vscode\game_bot\templates\result_clear.png
2026-06-07 20:21:07 [ERROR  ] recognition.template:26 Template not found: E:\vscode\game_bot\templates\result_clear.png
2026-06-07 20:21:07 [ERROR  ] recognition.template:26 Template not found: E:\vscode\game_bot\templates\result_clear.png
2026-06-07 20:21:08 [ERROR  ] recognition.template:26 Template not found: E:\vscode\game_bot\templates\result_clear.png
2026-06-07 20:21:08 [ERROR  ] recognition.template:26 Template not found: E:\vscode\game_bot\templates\result_clear.png
2026-06-07 20:21:09 [ERROR  ] recognition.template:26 Template not found: E:\vscode\game_bot\templates\result_clear.png
2026-06-07 20:21:09 [ERROR  ] recognition.template:26 Template not found: E:\vscode\game_bot\templates\result_clear.png
2026-06-07 20:21:10 [ERROR  ] recognition.template:26 Template not found: E:\vscode\game_bot\templates\result_clear.png
2026-06-07 20:48:56 [ERROR  ] recognition.template:26 Template not found: E:\vscode\game_bot\templates\result_clear.png
2026-06-07 20:48:57 [ERROR  ] recognition.template:26 Template not found: E:\vscode\game_bot\templates\result_clear.png
2026-06-07 20:48:57 [ERROR  ] recognition.template:26 Template not found: E:\vscode\game_bot\templates\result_clear.png
2026-06-07 20:48:58 [ERROR  ] recognition.template:26 Template not found: E:\vscode\game_bot\templates\result_clear.png
2026-06-07 20:48:59 [ERROR  ] recognition.template:26 Template not found: E:\vscode\game_bot\templates\result_clear.png
2026-06-07 20:48:59 [ERROR  ] recognition.template:26 Template not found: E:\vscode\game_bot\templates\result_clear.png
2026-06-07 20:49:00 [ERROR  ] recognition.template:26 Template not found: E:\vscode\game_bot\templates\result_clear.png
2026-06-07 20:49:00 [ERROR  ] recognition.template:26 Template not found: E:\vscode\game_bot\templates\result_clear.png
2026-06-07 20:49:01 [ERROR  ] recognition.template:26 Template not found: E:\vscode\game_bot\templates\result_clear.png
2026-06-07 20:49:01 [ERROR  ] recognition.template:26 Template not found: E:\vscode\game_bot\templates\result_clear.png
2026-06-07 20:49:02 [ERROR  ] recognition.template:26 Template not found: E:\vscode\game_bot\templates\result_clear.png
2026-06-07 20:49:02 [ERROR  ] recognition.template:26 Template not found: E:\vscode\game_bot\templates\result_clear.png
2026-06-07 20:49:03 [ERROR  ] recognition.template:26 Template not found: E:\vscode\game_bot\templates\result_clear.png
2026-06-07 20:49:04 [ERROR  ] recognition.template:26 Template not found: E:\vscode\game_bot\templates\result_clear.png
2026-06-07 20:49:04 [ERROR  ] recognition.template:26 Template not found: E:\vscode\game_bot\templates\result_clear.png
2026-06-07 20:49:05 [ERROR  ] recognition.template:26 Template not found: E:\vscode\game_bot\templates\result_clear.png
2026-06-07 20:49:05 [ERROR  ] recognition.template:26 Template not found: E:\vscode\game_bot\templates\result_clear.png
2026-06-07 20:49:06 [ERROR  ] recognition.template:26 Template not found: E:\vscode\game_bot\templates\result_clear.png
2026-06-07 20:49:06 [ERROR  ] recognition.template:26 Template not found: E:\vscode\game_bot\templates\result_clear.png
2026-06-07 20:49:07 [ERROR  ] recognition.template:26 Template not found: E:\vscode\game_bot\templates\result_clear.png
2026-06-07 20:49:07 [ERROR  ] recognition.template:26 Template not found: E:\vscode\game_bot\templates\result_clear.png
2026-06-07 20:49:08 [ERROR  ] recognition.template:26 Template not found: E:\vscode\game_bot\templates\result_clear.png
2026-06-07 20:49:09 [ERROR  ] recognition.template:26 Template not found: E:\vscode\game_bot\templates\result_clear.png
2026-06-07 20:49:09 [ERROR  ] recognition.template:26 Template not found: E:\vscode\game_bot\templates\result_clear.png
2026-06-07 20:49:10 [ERROR  ] recognition.template:26 Template not found: E:\vscode\game_bot\templates\result_clear.png
2026-06-07 20:49:10 [ERROR  ] recognition.template:26 Template not found: E:\vscode\game_bot\templates\result_clear.png
2026-06-07 20:49:11 [ERROR  ] recognition.template:26 Template not found: E:\vscode\game_bot\templates\result_clear.png
2026-06-07 20:49:11 [ERROR  ] recognition.template:26 Template not found: E:\vscode\game_bot\templates\result_clear.png
2026-06-07 20:49:12 [ERROR  ] recognition.template:26 Template not found: E:\vscode\game_bot\templates\result_clear.png
2026-06-07 20:49:12 [ERROR  ] recognition.template:26 Template not found: E:\vscode\game_bot\templates\result_clear.png
2026-06-07 20:49:13 [ERROR  ] recognition.template:26 Template not found: E:\vscode\game_bot\templates\result_clear.png
2026-06-07 20:49:14 [ERROR  ] recognition.template:26 Template not found: E:\vscode\game_bot\templates\result_clear.png
2026-06-07 20:49:14 [ERROR  ] recognition.template:26 Template not found: E:\vscode\game_bot\templates\result_clear.png
2026-06-07 20:49:15 [ERROR  ] recognition.template:26 Template not found: E:\vscode\game_bot\templates\result_clear.png
2026-06-07 20:49:15 [ERROR  ] recognition.template:26 Template not found: E:\vscode\game_bot\templates\result_clear.png
2026-06-07 20:49:16 [ERROR  ] recognition.template:26 Template not found: E:\vscode\game_bot\templates\result_clear.png
2026-06-07 20:49:16 [ERROR  ] recognition.template:26 Template not found: E:\vscode\game_bot\templates\result_clear.png
2026-06-07 20:49:17 [ERROR  ] recognition.template:26 Template not found: E:\vscode\game_bot\templates\result_clear.png
2026-06-07 20:49:17 [ERROR  ] recognition.template:26 Template not found: E:\vscode\game_bot\templates\result_clear.png
2026-06-07 20:49:18 [ERROR  ] recognition.template:26 Template not found: E:\vscode\game_bot\templates\result_clear.png
2026-06-07 20:52:52 [WARNING] recognition.template:30 Template not found: E:\vscode\game_bot\templates\result_clear.png
2026-06-07 20:56:16 [WARNING] recognition.template:30 Template not found: E:\vscode\game_bot\templates\result_clear.png
2026-06-07 21:17:22 [WARNING] recognition.template:30 Template not found: E:\vscode\game_bot\templates\result_clear.png
2026-06-07 21:23:37 [WARNING] recognition.template:30 Template not found: E:\vscode\game_bot\templates\result_clear.png
2026-06-07 21:26:29 [WARNING] recognition.template:30 Template not found: E:\vscode\game_bot\templates\result_clear.png
2026-06-07 21:35:26 [WARNING] dxcam:141 DXCamera instance already exists for device=0 output=0 backend=dxgi; returning existing instance. Delete the old object with `del obj` to recreate it with new parameters.
2026-06-07 21:36:16 [WARNING] dxcam:141 DXCamera instance already exists for device=0 output=0 backend=dxgi; returning existing instance. Delete the old object with `del obj` to recreate it with new parameters.
2026-06-07 21:37:21 [WARNING] recognition.template:30 Template not found: E:\vscode\game_bot\templates\result_clear.png
2026-06-07 21:40:52 [WARNING] dxcam:141 DXCamera instance already exists for device=0 output=0 backend=dxgi; returning existing instance. Delete the old object with `del obj` to recreate it with new parameters.
2026-06-07 21:41:50 [WARNING] recognition.template:30 Template not found: E:\vscode\game_bot\templates\result_clear.png
2026-06-07 21:45:10 [WARNING] recognition.template:30 Template not found: E:\vscode\game_bot\templates\result_clear.png
2026-06-07 21:49:37 [WARNING] recognition.template:30 Template not found: E:\vscode\game_bot\templates\result_clear.png
2026-06-07 21:55:31 [WARNING] recognition.template:30 Template not found: E:\vscode\game_bot\templates\result_clear.png
2026-06-07 21:56:34 [WARNING] dxcam:141 DXCamera instance already exists for device=0 output=0 backend=dxgi; returning existing instance. Delete the old object with `del obj` to recreate it with new parameters.
2026-06-08 23:00:21 [WARNING] dxcam:141 DXCamera instance already exists for device=0 output=0 backend=dxgi; returning existing instance. Delete the old object with `del obj` to recreate it with new parameters.
2026-06-08 23:06:08 [WARNING] dxcam:141 DXCamera instance already exists for device=0 output=0 backend=dxgi; returning existing instance. Delete the old object with `del obj` to recreate it with new parameters.
2026-06-08 23:07:12 [WARNING] recognition.portal_detector:46 Arrow template not found: E:\vscode\game_bot\templates\waypoint_arrow.png
2026-06-08 23:07:12 [ERROR  ] gui.app:1477 Bot thread crashed: 'PortalDetector' object has no attribute 'detect'
Traceback (most recent call last):
  File "E:\vscode\game_bot\gui\app.py", line 1472, in _run_bot
    fsm.update(blackboard)
    ~~~~~~~~~~^^^^^^^^^^^^
  File "E:\vscode\game_bot\core\fsm.py", line 44, in update
    self._states[self._current].update(blackboard)
    ~~~~~~~~~~~~~~~~~~~~~~~~~~~~~~~~~~^^^^^^^^^^^^
  File "E:\vscode\game_bot\states\dungeon_exit_nav.py", line 61, in update
    self._do_navigate(frame, blackboard)
    ~~~~~~~~~~~~~~~~~^^^^^^^^^^^^^^^^^^^
  File "E:\vscode\game_bot\states\dungeon_exit_nav.py", line 66, in _do_navigate
    result = self.detector.detect(frame)
             ^^^^^^^^^^^^^^^^^^^^
AttributeError: 'PortalDetector' object has no attribute 'detect'
2026-06-08 23:10:38 [WARNING] recognition.portal_detector:46 Arrow template not found: E:\vscode\game_bot\templates\waypoint_arrow.png
2026-06-08 23:10:56 [WARNING] core.watchdog:31 Stuck #1 | SSIM=0.951
2026-06-08 23:10:56 [WARNING] states.stuck_recovery:25 Entering stuck recovery
2026-06-08 23:15:30 [WARNING] states.domain_combat:131 Panel still visible after 3s, proceeding anyway
2026-06-08 23:15:30 [WARNING] recognition.portal_detector:46 Arrow template not found: E:\vscode\game_bot\templates\waypoint_arrow.png
2026-06-08 23:24:12 [WARNING] states.domain_combat:133 Panel still visible after 3s, proceeding anyway
2026-06-08 23:24:12 [WARNING] recognition.portal_detector:46 Arrow template not found: E:\vscode\game_bot\templates\waypoint_arrow.png
2026-06-08 23:25:01 [WARNING] states.dungeon_exit_nav:234 Confirm button not found, retrying
2026-06-08 23:25:52 [WARNING] states.domain_combat:133 Panel still visible after 3s, proceeding anyway
2026-06-08 23:25:52 [WARNING] recognition.portal_detector:46 Arrow template not found: E:\vscode\game_bot\templates\waypoint_arrow.png
2026-06-08 23:26:02 [WARNING] states.dungeon_exit_nav:234 Confirm button not found, retrying
2026-06-08 23:33:41 [WARNING] states.domain_combat:133 Panel still visible after 3s, proceeding anyway
2026-06-08 23:33:41 [WARNING] recognition.portal_detector:46 Arrow template not found: E:\vscode\game_bot\templates\waypoint_arrow.png
2026-06-08 23:40:45 [WARNING] states.domain_combat:133 Panel still visible after 3s, clicking again
2026-06-08 23:40:53 [WARNING] states.domain_combat:141 Panel still visible after retry, proceeding anyway
2026-06-08 23:40:53 [WARNING] recognition.portal_detector:46 Arrow template not found: E:\vscode\game_bot\templates\waypoint_arrow.png
2026-06-08 23:41:21 [WARNING] states.dungeon_exit_nav:246 Confirm button not found, retrying
2026-06-08 23:42:12 [WARNING] states.domain_combat:133 Panel still visible after 3s, clicking again
2026-06-08 23:42:19 [WARNING] states.domain_combat:141 Panel still visible after retry, proceeding anyway
2026-06-08 23:42:19 [WARNING] recognition.portal_detector:46 Arrow template not found: E:\vscode\game_bot\templates\waypoint_arrow.png
2026-06-08 23:49:15 [WARNING] states.domain_combat:133 Panel still visible after 3s, clicking again
2026-06-08 23:49:22 [WARNING] states.domain_combat:141 Panel still visible after retry, proceeding anyway
2026-06-09 00:00:20 [WARNING] states.domain_combat:137 Panel still visible after 3s, clicking again
2026-06-09 00:00:27 [WARNING] states.domain_combat:145 Panel still visible after retry, proceeding anyway
2026-06-09 00:10:26 [WARNING] states.domain_combat:147 Panel still visible (3.4s), retry click #1
2026-06-09 00:10:30 [WARNING] states.domain_combat:147 Panel still visible (3.3s), retry click #2
2026-06-09 00:10:34 [WARNING] states.domain_combat:151 Panel still visible after 3 retries, proceeding anyway
2026-06-09 00:21:43 [WARNING] states.domain_combat:147 Panel still visible (3.4s), retry click #1
2026-06-09 00:21:47 [WARNING] states.domain_combat:147 Panel still visible (3.5s), retry click #2
2026-06-09 00:21:52 [WARNING] states.domain_combat:151 Panel still visible after 3 retries, proceeding anyway
2026-06-09 21:14:29 [WARNING] states.domain_combat:147 Panel still visible (3.6s), retry click #1
2026-06-09 21:14:33 [WARNING] states.domain_combat:147 Panel still visible (3.6s), retry click #2
2026-06-09 21:14:37 [WARNING] states.domain_combat:151 Panel still visible after 3 retries, proceeding anyway
2026-06-09 21:15:24 [WARNING] states.dungeon_exit_nav:206 Portal not found, direct buttons
2026-06-09 21:15:29 [WARNING] states.dungeon_exit_nav:358 Confirm button not found, retrying
2026-06-09 21:15:33 [WARNING] states.dungeon_exit_nav:358 Confirm button not found, retrying
2026-06-09 21:26:00 [WARNING] states.domain_combat:147 Panel still visible (3.5s), retry click #1
2026-06-09 21:26:04 [WARNING] states.domain_combat:147 Panel still visible (3.2s), retry click #2
2026-06-09 21:26:08 [WARNING] states.domain_combat:151 Panel still visible after 3 retries, proceeding anyway
2026-06-09 21:47:16 [ERROR  ] states.npc_navigate:144 Game window rect not available, cannot navigate
2026-06-09 21:52:22 [WARNING] states.npc_navigate:144 NPCNavigate: _window_rect not available, using frame center
2026-06-09 21:52:23 [WARNING] states.npc_navigate:144 NPCNavigate: _window_rect not available, using frame center
2026-06-09 21:52:25 [WARNING] states.npc_navigate:144 NPCNavigate: _window_rect not available, using frame center
2026-06-09 21:52:26 [WARNING] states.npc_navigate:144 NPCNavigate: _window_rect not available, using frame center
2026-06-09 21:52:28 [WARNING] states.npc_navigate:144 NPCNavigate: _window_rect not available, using frame center
2026-06-09 21:52:29 [WARNING] states.npc_navigate:144 NPCNavigate: _window_rect not available, using frame center
2026-06-09 21:52:30 [WARNING] states.npc_navigate:144 NPCNavigate: _window_rect not available, using frame center
2026-06-09 21:52:32 [WARNING] states.npc_navigate:144 NPCNavigate: _window_rect not available, using frame center
2026-06-09 21:52:34 [WARNING] states.npc_navigate:144 NPCNavigate: _window_rect not available, using frame center
2026-06-09 21:52:36 [WARNING] states.npc_navigate:144 NPCNavigate: _window_rect not available, using frame center
2026-06-09 21:52:37 [WARNING] states.npc_navigate:144 NPCNavigate: _window_rect not available, using frame center
2026-06-09 21:52:38 [WARNING] states.npc_navigate:144 NPCNavigate: _window_rect not available, using frame center
2026-06-09 21:52:39 [WARNING] states.npc_navigate:144 NPCNavigate: _window_rect not available, using frame center
2026-06-09 21:52:41 [WARNING] states.npc_navigate:144 NPCNavigate: _window_rect not available, using frame center
2026-06-09 22:04:52 [WARNING] states.domain_combat:147 Panel still visible (3.6s), retry click #1
2026-06-09 22:04:56 [WARNING] states.domain_combat:147 Panel still visible (3.6s), retry click #2
2026-06-09 22:05:00 [WARNING] states.domain_combat:151 Panel still visible after 3 retries, proceeding anyway
2026-06-09 22:11:28 [WARNING] states.domain_combat:147 Panel still visible (3.5s), retry click #1
2026-06-09 22:11:32 [WARNING] states.domain_combat:147 Panel still visible (3.4s), retry click #2
2026-06-09 22:11:36 [WARNING] states.domain_combat:151 Panel still visible after 3 retries, proceeding anyway
2026-06-09 22:19:08 [WARNING] states.domain_combat:147 Panel still visible (3.6s), retry click #1
2026-06-09 22:19:12 [WARNING] states.domain_combat:147 Panel still visible (3.0s), retry click #2
2026-06-09 22:19:16 [WARNING] states.domain_combat:151 Panel still visible after 3 retries, proceeding anyway
2026-06-09 22:19:23 [WARNING] states.dungeon_exit_nav:425 Confirm button not found, retrying
2026-06-09 22:19:27 [WARNING] states.dungeon_exit_nav:425 Confirm button not found, retrying
2026-06-09 22:19:32 [WARNING] states.dungeon_exit_nav:425 Confirm button not found, retrying
2026-06-09 22:27:45 [WARNING] states.domain_combat:158 Panel still visible (3.5s), retry click #1
2026-06-09 22:27:50 [WARNING] states.domain_combat:158 Panel still visible (3.7s), retry click #2
2026-06-09 22:27:54 [WARNING] states.domain_combat:162 Panel still visible after 3 retries, proceeding anyway
2026-06-09 22:33:51 [WARNING] states.domain_combat:158 Panel still visible (3.3s), retry click #1
2026-06-09 22:33:55 [WARNING] states.domain_combat:158 Panel still visible (3.7s), retry click #2
2026-06-09 22:34:00 [WARNING] states.domain_combat:162 Panel still visible after 3 retries, proceeding anyway
2026-06-09 22:38:28 [WARNING] states.domain_combat:158 Panel still visible (3.4s), retry click #1
2026-06-09 22:38:32 [WARNING] states.domain_combat:158 Panel still visible (3.6s), retry click #2
2026-06-09 22:38:37 [WARNING] states.domain_combat:162 Panel still visible after 3 retries, proceeding anyway
2026-06-09 22:42:27 [WARNING] states.domain_combat:158 Panel still visible (3.5s), retry click #1
2026-06-09 22:42:31 [WARNING] states.domain_combat:158 Panel still visible (3.6s), retry click #2
2026-06-09 22:42:36 [WARNING] states.domain_combat:162 Panel still visible after 3 retries, proceeding anyway
2026-06-09 22:49:34 [WARNING] states.domain_combat:158 Panel still visible (3.5s), retry click #1
2026-06-09 22:49:38 [WARNING] states.domain_combat:158 Panel still visible (3.4s), retry click #2
2026-06-09 22:49:42 [WARNING] states.domain_combat:162 Panel still visible after 3 retries, proceeding anyway
2026-06-09 23:15:00 [WARNING] states.domain_combat:158 Panel still visible (3.6s), retry click #1
2026-06-09 23:15:04 [WARNING] states.domain_combat:158 Panel still visible (3.7s), retry click #2
2026-06-09 23:15:09 [WARNING] states.domain_combat:162 Panel still visible after 3 retries, proceeding anyway
2026-06-09 23:34:23 [WARNING] states.town_exit:38 TownExit: no _window_rect, cannot focus game window
2026-06-09 23:40:30 [WARNING] dxcam:141 DXCamera instance already exists for device=0 output=0 backend=dxgi; returning existing instance. Delete the old object with `del obj` to recreate it with new parameters.
2026-06-09 23:57:35 [WARNING] dxcam:141 DXCamera instance already exists for device=0 output=0 backend=dxgi; returning existing instance. Delete the old object with `del obj` to recreate it with new parameters.
2026-06-10 00:05:37 [WARNING] states.domain_combat:151 Panel still visible after 3 retries, proceeding anyway
2026-06-10 00:06:19 [WARNING] states.domain_combat:151 Panel still visible after 3 retries, proceeding anyway
2026-06-10 02:10:58 [WARNING] core.watchdog:31 Stuck #1 | SSIM=0.985
2026-06-10 02:10:58 [WARNING] states.stuck_recovery:25 Entering stuck recovery
2026-06-11 21:03:50 [WARNING] dxcam:141 DXCamera instance already exists for device=0 output=0 backend=dxgi; returning existing instance. Delete the old object with `del obj` to recreate it with new parameters.
2026-06-11 21:06:12 [WARNING] dxcam:141 DXCamera instance already exists for device=0 output=0 backend=dxgi; returning existing instance. Delete the old object with `del obj` to recreate it with new parameters.
2026-06-11 21:07:58 [WARNING] states.domain_combat:151 Panel still visible after 3 retries, proceeding anyway
2026-06-11 21:08:44 [WARNING] states.domain_combat:151 Panel still visible after 3 retries, proceeding anyway
2026-06-11 21:10:04 [WARNING] states.domain_combat:151 Panel still visible after 3 retries, proceeding anyway
2026-06-11 21:10:16 [WARNING] states.dungeon_exit_nav:440 Confirm button not found, retrying
2026-06-11 21:10:21 [WARNING] states.dungeon_exit_nav:440 Confirm button not found, retrying
2026-06-11 21:10:25 [WARNING] states.dungeon_exit_nav:440 Confirm button not found, retrying
2026-06-11 21:10:30 [WARNING] states.dungeon_exit_nav:440 Confirm button not found, retrying
2026-06-11 21:10:35 [WARNING] states.dungeon_exit_nav:440 Confirm button not found, retrying
2026-06-11 21:10:39 [WARNING] states.dungeon_exit_nav:440 Confirm button not found, retrying
2026-06-11 21:10:44 [WARNING] states.dungeon_exit_nav:440 Confirm button not found, retrying
2026-06-11 21:23:49 [WARNING] dxcam:141 DXCamera instance already exists for device=0 output=0 backend=dxgi; returning existing instance. Delete the old object with `del obj` to recreate it with new parameters.
2026-06-11 21:30:12 [WARNING] dxcam:141 DXCamera instance already exists for device=0 output=0 backend=dxgi; returning existing instance. Delete the old object with `del obj` to recreate it with new parameters.
2026-06-11 21:31:28 [WARNING] dxcam:141 DXCamera instance already exists for device=0 output=0 backend=dxgi; returning existing instance. Delete the old object with `del obj` to recreate it with new parameters.
2026-06-11 21:32:35 [WARNING] dxcam:141 DXCamera instance already exists for device=0 output=0 backend=dxgi; returning existing instance. Delete the old object with `del obj` to recreate it with new parameters.
2026-06-11 21:33:37 [WARNING] states.town_nav:187 '深渊3.png' not found after 45 attempts, saving debug frame
2026-06-11 21:34:14 [WARNING] dxcam:141 DXCamera instance already exists for device=0 output=0 backend=dxgi; returning existing instance. Delete the old object with `del obj` to recreate it with new parameters.
2026-06-11 21:37:11 [WARNING] states.dungeon_exit_nav:443 Confirm button not found after retries, restarting button flow
2026-06-11 23:25:01 [ERROR  ] gui.app:1670 Bot thread crashed: name 'parse_template_chain' is not defined
Traceback (most recent call last):
  File "E:\vscode\game_bot\gui\app.py", line 1663, in _run_bot
    fsm.update(blackboard)
    ~~~~~~~~~~^^^^^^^^^^^^
  File "E:\vscode\game_bot\core\fsm.py", line 61, in update
    self._states[self._current].update(blackboard)
    ~~~~~~~~~~~~~~~~~~~~~~~~~~~~~~~~~~^^^^^^^^^^^^
  File "E:\vscode\game_bot\states\town_nav.py", line 157, in update
    self._try_transition(blackboard)
    ~~~~~~~~~~~~~~~~~~~~^^^^^^^^^^^^
  File "E:\vscode\game_bot\states\town_nav.py", line 82, in _try_transition
    blackboard["_fsm"].transition("npc_navigate", blackboard)
    ~~~~~~~~~~~~~~~~~~~~~~~~~~~~~^^^^^^^^^^^^^^^^^^^^^^^^^^^^
  File "E:\vscode\game_bot\core\fsm.py", line 56, in transition
    self._states[self._current].enter(blackboard)
    ~~~~~~~~~~~~~~~~~~~~~~~~~~~~~~~~~^^^^^^^^^^^^
  File "E:\vscode\game_bot\states\npc_navigate.py", line 60, in enter
    self._enter_chain = parse_template_chain(ce)
                        ^^^^^^^^^^^^^^^^^^^^
NameError: name 'parse_template_chain' is not defined. Did you mean: 'parse_template_ref'?
2026-06-11 23:26:57 [WARNING] dxcam:141 DXCamera instance already exists for device=0 output=0 backend=dxgi; returning existing instance. Delete the old object with `del obj` to recreate it with new parameters.
2026-06-11 23:27:24 [ERROR  ] gui.app:1670 Bot thread crashed: name 'parse_template_chain' is not defined
Traceback (most recent call last):
  File "E:\vscode\game_bot\gui\app.py", line 1663, in _run_bot
    fsm.update(blackboard)
    ~~~~~~~~~~^^^^^^^^^^^^
  File "E:\vscode\game_bot\core\fsm.py", line 61, in update
    self._states[self._current].update(blackboard)
    ~~~~~~~~~~~~~~~~~~~~~~~~~~~~~~~~~~^^^^^^^^^^^^
  File "E:\vscode\game_bot\states\town_nav.py", line 157, in update
    self._try_transition(blackboard)
    ~~~~~~~~~~~~~~~~~~~~^^^^^^^^^^^^
  File "E:\vscode\game_bot\states\town_nav.py", line 82, in _try_transition
    blackboard["_fsm"].transition("npc_navigate", blackboard)
    ~~~~~~~~~~~~~~~~~~~~~~~~~~~~~^^^^^^^^^^^^^^^^^^^^^^^^^^^^
  File "E:\vscode\game_bot\core\fsm.py", line 56, in transition
    self._states[self._current].enter(blackboard)
    ~~~~~~~~~~~~~~~~~~~~~~~~~~~~~~~~~^^^^^^^^^^^^
  File "E:\vscode\game_bot\states\npc_navigate.py", line 60, in enter
    self._enter_chain = parse_template_chain(ce)
                        ^^^^^^^^^^^^^^^^^^^^
NameError: name 'parse_template_chain' is not defined. Did you mean: 'parse_template_ref'?
2026-06-11 23:30:59 [ERROR  ] gui.app:1670 Bot thread crashed: 'NPCNavigateState' object has no attribute '_enter_tpl'
Traceback (most recent call last):
  File "E:\vscode\game_bot\gui\app.py", line 1663, in _run_bot
    fsm.update(blackboard)
    ~~~~~~~~~~^^^^^^^^^^^^
  File "E:\vscode\game_bot\core\fsm.py", line 61, in update
    self._states[self._current].update(blackboard)
    ~~~~~~~~~~~~~~~~~~~~~~~~~~~~~~~~~~^^^^^^^^^^^^
  File "E:\vscode\game_bot\states\town_nav.py", line 157, in update
    self._try_transition(blackboard)
    ~~~~~~~~~~~~~~~~~~~~^^^^^^^^^^^^
  File "E:\vscode\game_bot\states\town_nav.py", line 82, in _try_transition
    blackboard["_fsm"].transition("npc_navigate", blackboard)
    ~~~~~~~~~~~~~~~~~~~~~~~~~~~~~^^^^^^^^^^^^^^^^^^^^^^^^^^^^
  File "E:\vscode\game_bot\core\fsm.py", line 56, in transition
    self._states[self._current].enter(blackboard)
    ~~~~~~~~~~~~~~~~~~~~~~~~~~~~~~~~~^^^^^^^^^^^^
  File "E:\vscode\game_bot\states\npc_navigate.py", line 80, in enter
    self._npc_tpl or "(none)", self._enter_tpl or "(none)",
                               ^^^^^^^^^^^^^^^
AttributeError: 'NPCNavigateState' object has no attribute '_enter_tpl'
2026-06-12 22:39:32 [ERROR  ] gui.app:1990 ActionDialog save failed: invalid literal for int() with base 10: '0.1'
Traceback (most recent call last):
  File "E:\vscode\game_bot\gui\app.py", line 1982, in _save
    "repeat": int(self.param_repeat.get()),
              ~~~^^^^^^^^^^^^^^^^^^^^^^^^^
ValueError: invalid literal for int() with base 10: '0.1'
2026-06-12 23:27:21 [WARNING] dxcam:141 DXCamera instance already exists for device=0 output=0 backend=dxgi; returning existing instance. Delete the old object with `del obj` to recreate it with new parameters.
2026-06-12 23:30:37 [WARNING] dxcam:141 DXCamera instance already exists for device=0 output=0 backend=dxgi; returning existing instance. Delete the old object with `del obj` to recreate it with new parameters.
2026-06-12 23:31:47 [WARNING] dxcam:141 DXCamera instance already exists for device=0 output=0 backend=dxgi; returning existing instance. Delete the old object with `del obj` to recreate it with new parameters.
2026-06-12 23:34:26 [WARNING] dxcam:141 DXCamera instance already exists for device=0 output=0 backend=dxgi; returning existing instance. Delete the old object with `del obj` to recreate it with new parameters.
2026-06-12 23:36:29 [WARNING] dxcam:141 DXCamera instance already exists for device=0 output=0 backend=dxgi; returning existing instance. Delete the old object with `del obj` to recreate it with new parameters.
2026-06-12 23:45:11 [WARNING] dxcam:141 DXCamera instance already exists for device=0 output=0 backend=dxgi; returning existing instance. Delete the old object with `del obj` to recreate it with new parameters.
2026-06-12 23:45:38 [WARNING] dxcam.core.dxgi_duplicator:155 Desktop duplication access loss/system transition detected (HRESULT=0x887A0026). Triggering output-change recovery.
2026-06-12 23:45:38 [WARNING] dxcam.dxcam:185 Output change/access loss detected (backend=dxgi, output=2560x1440).
2026-06-12 23:45:39 [WARNING] dxcam.core.dxgi_duplicator:155 Desktop duplication access loss/system transition detected (HRESULT=0x887A0026). Triggering output-change recovery.
2026-06-12 23:45:39 [WARNING] dxcam.dxcam:185 Output change/access loss detected (backend=dxgi, output=2560x1440).
2026-06-12 23:48:20 [WARNING] dxcam:141 DXCamera instance already exists for device=0 output=0 backend=dxgi; returning existing instance. Delete the old object with `del obj` to recreate it with new parameters.
2026-06-12 23:49:41 [WARNING] dxcam:141 DXCamera instance already exists for device=0 output=0 backend=dxgi; returning existing instance. Delete the old object with `del obj` to recreate it with new parameters.
2026-06-12 23:51:02 [WARNING] dxcam:141 DXCamera instance already exists for device=0 output=0 backend=dxgi; returning existing instance. Delete the old object with `del obj` to recreate it with new parameters.
2026-06-13 00:01:59 [WARNING] states.dungeon_exit_nav:467 Confirm button not found after retries, restarting button flow
2026-06-13 00:14:16 [WARNING] dxcam:141 DXCamera instance already exists for device=0 output=0 backend=dxgi; returning existing instance. Delete the old object with `del obj` to recreate it with new parameters.
2026-06-13 00:27:23 [WARNING] dxcam:141 DXCamera instance already exists for device=0 output=0 backend=dxgi; returning existing instance. Delete the old object with `del obj` to recreate it with new parameters.
2026-06-13 00:28:20 [WARNING] states.town_nav:139 Avatar not found after 60 attempts, proceeding anyway
2026-06-13 00:28:28 [WARNING] dxcam:141 DXCamera instance already exists for device=0 output=0 backend=dxgi; returning existing instance. Delete the old object with `del obj` to recreate it with new parameters.
2026-06-13 00:30:52 [WARNING] dxcam:141 DXCamera instance already exists for device=0 output=0 backend=dxgi; returning existing instance. Delete the old object with `del obj` to recreate it with new parameters.
2026-06-13 00:56:42 [WARNING] states.town_nav:98 NPC icon not found after 20 attempts, forcing domain entry
2026-06-13 00:57:22 [WARNING] dxcam:141 DXCamera instance already exists for device=0 output=0 backend=dxgi; returning existing instance. Delete the old object with `del obj` to recreate it with new parameters.
2026-06-13 01:18:46 [WARNING] states.town_nav:98 NPC icon not found after 20 attempts, forcing domain entry
2026-06-13 01:19:07 [WARNING] dxcam:141 DXCamera instance already exists for device=0 output=0 backend=dxgi; returning existing instance. Delete the old object with `del obj` to recreate it with new parameters.
2026-06-13 01:23:29 [WARNING] dxcam:141 DXCamera instance already exists for device=0 output=0 backend=dxgi; returning existing instance. Delete the old object with `del obj` to recreate it with new parameters.
2026-06-13 01:44:56 [WARNING] dxcam:141 DXCamera instance already exists for device=0 output=0 backend=dxgi; returning existing instance. Delete the old object with `del obj` to recreate it with new parameters.
2026-06-13 02:01:24 [WARNING] dxcam:141 DXCamera instance already exists for device=0 output=0 backend=dxgi; returning existing instance. Delete the old object with `del obj` to recreate it with new parameters.
2026-06-13 02:16:09 [WARNING] states.domain_combat:153 Panel still visible after 3 retries, proceeding anyway
2026-06-13 02:24:36 [WARNING] dxcam:141 DXCamera instance already exists for device=0 output=0 backend=dxgi; returning existing instance. Delete the old object with `del obj` to recreate it with new parameters.
2026-06-14 00:13:59 [WARNING] dxcam:141 DXCamera instance already exists for device=0 output=0 backend=dxgi; returning existing instance. Delete the old object with `del obj` to recreate it with new parameters.
2026-06-14 00:14:27 [WARNING] recognition.template:51 Template not found: E:\vscode\game_bot\templates\npc寻路2.png
2026-06-14 00:14:43 [WARNING] states.town_nav:98 NPC icon not found after 20 attempts, forcing domain entry
2026-06-14 00:15:07 [WARNING] dxcam:141 DXCamera instance already exists for device=0 output=0 backend=dxgi; returning existing instance. Delete the old object with `del obj` to recreate it with new parameters.
2026-06-14 00:25:21 [WARNING] dxcam:141 DXCamera instance already exists for device=0 output=0 backend=dxgi; returning existing instance. Delete the old object with `del obj` to recreate it with new parameters.
2026-06-14 00:31:07 [WARNING] states.domain_combat:153 Panel still visible after 3 retries, proceeding anyway
2026-06-14 00:37:34 [WARNING] states.domain_combat:153 Panel still visible after 3 retries, proceeding anyway
2026-06-14 00:38:01 [WARNING] states.domain_combat:153 Panel still visible after 3 retries, proceeding anyway
2026-06-14 01:32:02 [WARNING] dxcam:141 DXCamera instance already exists for device=0 output=0 backend=dxgi; returning existing instance. Delete the old object with `del obj` to recreate it with new parameters.
2026-06-14 01:43:41 [WARNING] dxcam:141 DXCamera instance already exists for device=0 output=0 backend=dxgi; returning existing instance. Delete the old object with `del obj` to recreate it with new parameters.
2026-06-14 02:06:25 [WARNING] dxcam:141 DXCamera instance already exists for device=0 output=0 backend=dxgi; returning existing instance. Delete the old object with `del obj` to recreate it with new parameters.
2026-06-14 02:13:06 [WARNING] dxcam:141 DXCamera instance already exists for device=0 output=0 backend=dxgi; returning existing instance. Delete the old object with `del obj` to recreate it with new parameters.
2026-06-14 02:14:51 [WARNING] dxcam:141 DXCamera instance already exists for device=0 output=0 backend=dxgi; returning existing instance. Delete the old object with `del obj` to recreate it with new parameters.
2026-06-14 02:23:19 [WARNING] dxcam:141 DXCamera instance already exists for device=0 output=0 backend=dxgi; returning existing instance. Delete the old object with `del obj` to recreate it with new parameters.
2026-06-14 02:23:34 [WARNING] dxcam:141 DXCamera instance already exists for device=0 output=0 backend=dxgi; returning existing instance. Delete the old object with `del obj` to recreate it with new parameters.
2026-06-14 02:37:05 [WARNING] dxcam:141 DXCamera instance already exists for device=0 output=0 backend=dxgi; returning existing instance. Delete the old object with `del obj` to recreate it with new parameters.
2026-06-14 02:59:50 [WARNING] dxcam:141 DXCamera instance already exists for device=0 output=0 backend=dxgi; returning existing instance. Delete the old object with `del obj` to recreate it with new parameters.
2026-06-14 03:00:36 [WARNING] states.town_nav:98 NPC icon not found after 20 attempts, forcing domain entry
2026-06-14 03:01:02 [WARNING] dxcam:141 DXCamera instance already exists for device=0 output=0 backend=dxgi; returning existing instance. Delete the old object with `del obj` to recreate it with new parameters.
2026-06-14 03:02:15 [WARNING] dxcam:141 DXCamera instance already exists for device=0 output=0 backend=dxgi; returning existing instance. Delete the old object with `del obj` to recreate it with new parameters.
2026-06-14 03:05:31 [WARNING] dxcam:141 DXCamera instance already exists for device=0 output=0 backend=dxgi; returning existing instance. Delete the old object with `del obj` to recreate it with new parameters.
2026-06-14 03:55:23 [WARNING] dxcam:141 DXCamera instance already exists for device=0 output=0 backend=dxgi; returning existing instance. Delete the old object with `del obj` to recreate it with new parameters.
2026-06-14 03:55:58 [WARNING] states.town_nav:98 NPC icon not found after 20 attempts, forcing domain entry
2026-06-14 03:59:51 [WARNING] dxcam:141 DXCamera instance already exists for device=0 output=0 backend=dxgi; returning existing instance. Delete the old object with `del obj` to recreate it with new parameters.
2026-06-14 04:00:59 [WARNING] dxcam:141 DXCamera instance already exists for device=0 output=0 backend=dxgi; returning existing instance. Delete the old object with `del obj` to recreate it with new parameters.
2026-06-14 04:01:46 [WARNING] dxcam:141 DXCamera instance already exists for device=0 output=0 backend=dxgi; returning existing instance. Delete the old object with `del obj` to recreate it with new parameters.
2026-06-14 04:03:31 [WARNING] dxcam:141 DXCamera instance already exists for device=0 output=0 backend=dxgi; returning existing instance. Delete the old object with `del obj` to recreate it with new parameters.
2026-06-14 04:08:49 [WARNING] dxcam:141 DXCamera instance already exists for device=0 output=0 backend=dxgi; returning existing instance. Delete the old object with `del obj` to recreate it with new parameters.
2026-06-14 04:27:46 [WARNING] dxcam:141 DXCamera instance already exists for device=0 output=0 backend=dxgi; returning existing instance. Delete the old object with `del obj` to recreate it with new parameters.
2026-06-14 04:34:52 [WARNING] states.town_nav:98 NPC icon not found after 20 attempts, forcing domain entry
2026-06-14 04:48:22 [WARNING] dxcam:141 DXCamera instance already exists for device=0 output=0 backend=dxgi; returning existing instance. Delete the old object with `del obj` to recreate it with new parameters.
2026-06-14 04:48:57 [WARNING] states.town_nav:98 NPC icon not found after 20 attempts, forcing domain entry
2026-06-14 04:50:40 [WARNING] dxcam:141 DXCamera instance already exists for device=0 output=0 backend=dxgi; returning existing instance. Delete the old object with `del obj` to recreate it with new parameters.
2026-06-14 04:51:14 [WARNING] states.town_nav:98 NPC icon not found after 20 attempts, forcing domain entry
2026-06-14 05:00:54 [WARNING] dxcam:141 DXCamera instance already exists for device=0 output=0 backend=dxgi; returning existing instance. Delete the old object with `del obj` to recreate it with new parameters.
2026-06-14 05:01:39 [WARNING] dxcam:141 DXCamera instance already exists for device=0 output=0 backend=dxgi; returning existing instance. Delete the old object with `del obj` to recreate it with new parameters.
2026-06-14 05:02:26 [WARNING] dxcam:141 DXCamera instance already exists for device=0 output=0 backend=dxgi; returning existing instance. Delete the old object with `del obj` to recreate it with new parameters.
2026-06-14 05:03:14 [WARNING] dxcam:141 DXCamera instance already exists for device=0 output=0 backend=dxgi; returning existing instance. Delete the old object with `del obj` to recreate it with new parameters.
2026-06-14 05:03:59 [WARNING] dxcam:141 DXCamera instance already exists for device=0 output=0 backend=dxgi; returning existing instance. Delete the old object with `del obj` to recreate it with new parameters.
2026-06-14 05:04:45 [WARNING] dxcam:141 DXCamera instance already exists for device=0 output=0 backend=dxgi; returning existing instance. Delete the old object with `del obj` to recreate it with new parameters.
2026-06-14 05:06:38 [WARNING] dxcam:141 DXCamera instance already exists for device=0 output=0 backend=dxgi; returning existing instance. Delete the old object with `del obj` to recreate it with new parameters.
2026-06-14 21:33:06 [WARNING] dxcam:141 DXCamera instance already exists for device=0 output=0 backend=dxgi; returning existing instance. Delete the old object with `del obj` to recreate it with new parameters.
2026-06-14 21:35:23 [WARNING] states.npc_navigate:303 Icon not found, direct entry
2026-06-14 21:35:26 [WARNING] states.npc_navigate:252 Confirm enter timeout after 121 attempts, forcing transition
2026-06-14 21:36:26 [WARNING] states.domain_loading:28 Domain loading timed out, assuming loaded
2026-06-14 21:41:02 [WARNING] dxcam:141 DXCamera instance already exists for device=0 output=0 backend=dxgi; returning existing instance. Delete the old object with `del obj` to recreate it with new parameters.
2026-06-14 21:43:05 [WARNING] dxcam:141 DXCamera instance already exists for device=0 output=0 backend=dxgi; returning existing instance. Delete the old object with `del obj` to recreate it with new parameters.
2026-06-14 21:44:06 [WARNING] dxcam:141 DXCamera instance already exists for device=0 output=0 backend=dxgi; returning existing instance. Delete the old object with `del obj` to recreate it with new parameters.
2026-06-14 22:00:19 [WARNING] states.town_nav:139 Avatar not found after 60 attempts, proceeding anyway
2026-06-14 22:02:00 [WARNING] dxcam:141 DXCamera instance already exists for device=0 output=0 backend=dxgi; returning existing instance. Delete the old object with `del obj` to recreate it with new parameters.
2026-06-14 22:02:09 [WARNING] dxcam:141 DXCamera instance already exists for device=0 output=0 backend=dxgi; returning existing instance. Delete the old object with `del obj` to recreate it with new parameters.
2026-06-14 22:02:23 [WARNING] dxcam:141 DXCamera instance already exists for device=0 output=0 backend=dxgi; returning existing instance. Delete the old object with `del obj` to recreate it with new parameters.
2026-06-14 22:03:08 [WARNING] dxcam:141 DXCamera instance already exists for device=0 output=0 backend=dxgi; returning existing instance. Delete the old object with `del obj` to recreate it with new parameters.
2026-06-14 22:19:30 [WARNING] dxcam:141 DXCamera instance already exists for device=0 output=0 backend=dxgi; returning existing instance. Delete the old object with `del obj` to recreate it with new parameters.
2026-06-14 22:36:18 [WARNING] states.domain_combat:164 Panel still visible after 3 retries, proceeding anyway
2026-06-14 22:37:26 [WARNING] dxcam:141 DXCamera instance already exists for device=0 output=0 backend=dxgi; returning existing instance. Delete the old object with `del obj` to recreate it with new parameters.
2026-06-14 22:38:09 [WARNING] states.town_nav:98 NPC icon not found after 20 attempts, forcing domain entry
2026-06-14 22:43:03 [WARNING] states.character_select:108 Portrait not found, scrolls exhausted, skipping selection
2026-06-14 22:43:27 [WARNING] dxcam:141 DXCamera instance already exists for device=0 output=0 backend=dxgi; returning existing instance. Delete the old object with `del obj` to recreate it with new parameters.
2026-06-14 22:44:09 [WARNING] states.town_nav:98 NPC icon not found after 20 attempts, forcing domain entry
2026-06-14 22:45:09 [WARNING] states.domain_loading:28 Domain loading timed out, assuming loaded
2026-06-15 21:23:47 [WARNING] dxcam:141 DXCamera instance already exists for device=0 output=0 backend=dxgi; returning existing instance. Delete the old object with `del obj` to recreate it with new parameters.
2026-06-15 21:24:22 [WARNING] dxcam:141 DXCamera instance already exists for device=0 output=0 backend=dxgi; returning existing instance. Delete the old object with `del obj` to recreate it with new parameters.
2026-06-15 21:26:21 [WARNING] dxcam:141 DXCamera instance already exists for device=0 output=0 backend=dxgi; returning existing instance. Delete the old object with `del obj` to recreate it with new parameters.
2026-06-15 21:33:27 [WARNING] dxcam:141 DXCamera instance already exists for device=0 output=0 backend=dxgi; returning existing instance. Delete the old object with `del obj` to recreate it with new parameters.
2026-06-15 21:33:48 [WARNING] dxcam:141 DXCamera instance already exists for device=0 output=0 backend=dxgi; returning existing instance. Delete the old object with `del obj` to recreate it with new parameters.
2026-06-15 21:34:54 [WARNING] dxcam:141 DXCamera instance already exists for device=0 output=0 backend=dxgi; returning existing instance. Delete the old object with `del obj` to recreate it with new parameters.
2026-06-15 21:36:33 [WARNING] dxcam:141 DXCamera instance already exists for device=0 output=0 backend=dxgi; returning existing instance. Delete the old object with `del obj` to recreate it with new parameters.
2026-06-15 21:37:39 [WARNING] dxcam:141 DXCamera instance already exists for device=0 output=0 backend=dxgi; returning existing instance. Delete the old object with `del obj` to recreate it with new parameters.
2026-06-15 21:41:17 [WARNING] dxcam:141 DXCamera instance already exists for device=0 output=0 backend=dxgi; returning existing instance. Delete the old object with `del obj` to recreate it with new parameters.
2026-06-15 21:41:29 [WARNING] dxcam:141 DXCamera instance already exists for device=0 output=0 backend=dxgi; returning existing instance. Delete the old object with `del obj` to recreate it with new parameters.
2026-06-15 21:41:50 [WARNING] dxcam:141 DXCamera instance already exists for device=0 output=0 backend=dxgi; returning existing instance. Delete the old object with `del obj` to recreate it with new parameters.
2026-06-15 22:19:38 [WARNING] dxcam:141 DXCamera instance already exists for device=0 output=0 backend=dxgi; returning existing instance. Delete the old object with `del obj` to recreate it with new parameters.
2026-06-15 22:20:37 [WARNING] states.town_nav:191 '临界2.png' not found after 45 attempts, saving debug frame
2026-06-15 22:43:56 [WARNING] dxcam:141 DXCamera instance already exists for device=0 output=0 backend=dxgi; returning existing instance. Delete the old object with `del obj` to recreate it with new parameters.
2026-06-15 22:45:59 [WARNING] states.town_nav:98 NPC icon not found after 20 attempts, forcing domain entry
2026-06-15 22:50:29 [WARNING] dxcam:141 DXCamera instance already exists for device=0 output=0 backend=dxgi; returning existing instance. Delete the old object with `del obj` to recreate it with new parameters.
2026-06-15 22:51:19 [WARNING] dxcam:141 DXCamera instance already exists for device=0 output=0 backend=dxgi; returning existing instance. Delete the old object with `del obj` to recreate it with new parameters.
2026-06-15 22:51:32 [WARNING] dxcam:141 DXCamera instance already exists for device=0 output=0 backend=dxgi; returning existing instance. Delete the old object with `del obj` to recreate it with new parameters.
2026-06-15 22:55:36 [WARNING] states.town_nav:139 Avatar not found after 60 attempts, proceeding anyway
2026-06-15 23:00:33 [WARNING] dxcam:141 DXCamera instance already exists for device=0 output=0 backend=dxgi; returning existing instance. Delete the old object with `del obj` to recreate it with new parameters.
2026-06-15 23:00:44 [WARNING] dxcam:141 DXCamera instance already exists for device=0 output=0 backend=dxgi; returning existing instance. Delete the old object with `del obj` to recreate it with new parameters.
2026-06-15 23:09:05 [WARNING] dxcam:141 DXCamera instance already exists for device=0 output=0 backend=dxgi; returning existing instance. Delete the old object with `del obj` to recreate it with new parameters.
2026-06-15 23:17:26 [WARNING] states.domain_loading:28 Domain loading timed out, assuming loaded
2026-06-16 22:35:34 [WARNING] dxcam:141 DXCamera instance already exists for device=0 output=0 backend=dxgi; returning existing instance. Delete the old object with `del obj` to recreate it with new parameters.
2026-06-16 22:40:09 [WARNING] dxcam:141 DXCamera instance already exists for device=0 output=0 backend=dxgi; returning existing instance. Delete the old object with `del obj` to recreate it with new parameters.
2026-06-16 23:35:32 [WARNING] dxcam:141 DXCamera instance already exists for device=0 output=0 backend=dxgi; returning existing instance. Delete the old object with `del obj` to recreate it with new parameters.
2026-06-17 00:07:44 [WARNING] dxcam:141 DXCamera instance already exists for device=0 output=0 backend=dxgi; returning existing instance. Delete the old object with `del obj` to recreate it with new parameters.
2026-06-17 00:09:19 [WARNING] dxcam:141 DXCamera instance already exists for device=0 output=0 backend=dxgi; returning existing instance. Delete the old object with `del obj` to recreate it with new parameters.
2026-06-17 00:10:20 [WARNING] dxcam:141 DXCamera instance already exists for device=0 output=0 backend=dxgi; returning existing instance. Delete the old object with `del obj` to recreate it with new parameters.
2026-06-17 00:12:33 [WARNING] dxcam:141 DXCamera instance already exists for device=0 output=0 backend=dxgi; returning existing instance. Delete the old object with `del obj` to recreate it with new parameters.
